2022/06/03 09:06:08 info B대학 학생 전송완료 -
2022/06/03 09:06:09 info B대학 학과 생성완료 -
2022/06/03 09:06:10 info B대학 수강 전송완료 -
2022/06/03 09:06:10 info B대학 학생 생성완료 -
2022/06/03 09:06:10 info B대학 강의실 생성완료 -
2022/06/03 09:06:10 info B대학 강의실 생성완료 -
2022/06/03 09:06:10 info B대학 강의실 생성완료 -
2022/06/03 09:06:10 info B대학 강의실 생성완료 -
2022/06/03 09:06:10 info B대학 교수 생성완료 -
2022/06/03 09:06:10 info B대학 교수 생성완료 -
2022/06/03 09:06:11 info B대학 교수 생성완료 -
2022/06/03 09:06:11 info B대학 교수 생성완료 -
2022/06/03 09:06:11 info B대학 과목 생성완료 -
2022/06/03 09:06:11 info B대학 과목 생성완료 -
2022/06/03 09:06:11 info B대학 과목 생성완료 -
2022/06/03 09:06:11 info B대학 과목 생성완료 -
2022/06/03 09:06:11 info B대학 수강 생성완료 -
2022/06/03 09:06:11 info C대학 학과 전송완료 -
2022/06/03 09:06:12 info B대학 수강 생성완료 -
2022/06/03 09:06:12 info B대학 수강 생성완료 -
2022/06/03 09:06:12 info B대학 수강 생성완료 -
2022/06/03 09:06:12 info C대학 학과 생성완료 -
2022/06/03 09:06:12 info C대학 학생 전송완료 -
2022/06/03 09:06:13 info C대학 학생 생성완료 -
2022/06/03 09:06:13 info C대학 수강 전송완료 -
2022/06/03 09:06:13 info C대학 강의실 생성완료 -
2022/06/03 09:06:14 info C대학 강의실 생성완료 -
2022/06/03 09:06:14 info C대학 강의실 생성완료 -
2022/06/03 09:06:14 info C대학 강의실 생성완료 -
2022/06/03 09:06:14 info C대학 교수 생성완료 -
2022/06/03 09:06:14 info C대학 교수 생성완료 -
2022/06/03 09:06:14 info C대학 교수 생성완료 -
2022/06/03 09:06:14 info C대학 교수 생성완료 -
2022/06/03 09:06:14 info C대학 과목 생성완료 -
2022/06/03 09:06:14 info C대학 과목 생성완료 -
2022/06/03 09:06:14 info C대학 과목 생성완료 -
2022/06/03 09:06:14 info C대학 과목 생성완료 -
