2022/06/01 00:06:82 info A대학 강의실 전송완료 -
2022/06/01 00:06:84 info A대학 강의실 생성완료 -
2022/06/01 00:06:03 info A대학 강의실 전송완료 -
2022/06/01 00:06:02 info A대학 강의실 전송완료 -
2022/06/01 00:06:03 info A대학 강의실 전송완료 -
2022/06/01 00:06:04 info A대학 강의실 생성완료 -
2022/06/01 00:06:05 info A대학 교수 전송완료 -
2022/06/01 00:06:05 info A대학 교수 생성완료 -
2022/06/01 00:06:03 info A대학 강의실 전송완료 -
2022/06/01 00:06:05 info A대학 강의실 생성완료 -
2022/06/01 00:06:05 info A대학 교수 전송완료 -
2022/06/01 00:06:06 info A대학 교수 생성완료 -
2022/06/01 01:06:02 info A대학 강의실 전송완료 -
2022/06/01 01:06:04 info A대학 강의실 생성완료 -
2022/06/01 01:06:04 info A대학 교수 전송완료 -
2022/06/01 01:06:05 info A대학 교수 생성완료 -
2022/06/01 01:06:02 info A대학 강의실 전송완료 -
2022/06/01 01:06:03 info A대학 강의실 생성완료 -
2022/06/01 01:06:04 info A대학 교수 전송완료 -
2022/06/01 01:06:04 info A대학 교수 생성완료 -
2022/06/01 01:06:05 info A대학 강의실 전송완료 -
2022/06/01 01:06:07 info A대학 강의실 생성완료 -
2022/06/01 01:06:07 info A대학 교수 전송완료 -
2022/06/01 01:06:07 info A대학 교수 생성완료 -
2022/06/01 01:06:02 info A대학 강의실 전송완료 -
2022/06/01 01:06:04 info A대학 강의실 생성완료 -
2022/06/01 01:06:04 info A대학 교수 전송완료 -
2022/06/01 01:06:04 info A대학 교수 생성완료 -
2022/06/01 01:06:05 info A대학 학생 전송완료 -
2022/06/01 01:06:05 info A대학 학생 생성완료 -
2022/06/01 01:06:05 info A대학 과목 전송완료 -
2022/06/01 01:06:07 error A대학 학과 생성시오류 ESD
2022/06/01 01:06:07 error A대학 학과 생성시오류 ESD
2022/06/01 01:06:07 error A대학 학과 생성시오류 ESD
2022/06/01 01:06:07 error A대학 학과 생성시오류 ESD
2022/06/01 01:06:07 info A대학 수강 전송완료 -
2022/06/01 01:06:08 info A대학 수강 생성완료 -
2022/06/01 01:06:02 info A대학 강의실 전송완료 -
2022/06/01 01:06:03 info A대학 강의실 생성완료 -
2022/06/01 01:06:04 info A대학 교수 전송완료 -
2022/06/01 01:06:04 info A대학 교수 생성완료 -
2022/06/01 01:06:05 info A대학 학생 전송완료 -
2022/06/01 01:06:05 info A대학 학생 생성완료 -
2022/06/01 01:06:05 info A대학 과목 전송완료 -
2022/06/01 01:06:06 error A대학 학과 생성시오류 ESD
2022/06/01 01:06:06 error A대학 학과 생성시오류 ESD
2022/06/01 01:06:06 info A대학 수강 전송완료 -
2022/06/01 01:06:06 error A대학 학과 생성시오류 ESD
2022/06/01 01:06:06 error A대학 학과 생성시오류 ESD
2022/06/01 01:06:07 info A대학 수강 생성완료 -
2022/06/01 01:06:02 info A대학 강의실 전송완료 -
2022/06/01 01:06:03 info A대학 강의실 생성완료 -
2022/06/01 01:06:04 info A대학 교수 전송완료 -
2022/06/01 01:06:04 info A대학 교수 생성완료 -
2022/06/01 01:06:04 info A대학 학생 전송완료 -
2022/06/01 01:06:05 info A대학 학생 생성완료 -
2022/06/01 01:06:02 info A대학 강의실 전송완료 -
2022/06/01 01:06:03 info A대학 강의실 생성완료 -
2022/06/01 01:06:04 info A대학 교수 전송완료 -
2022/06/01 01:06:04 info A대학 교수 생성완료 -
2022/06/01 01:06:04 info A대학 학생 전송완료 -
2022/06/01 01:06:05 info A대학 학생 생성완료 -
2022/06/01 01:06:03 info A대학 강의실 전송완료 -
2022/06/01 01:06:05 info A대학 강의실 생성완료 -
2022/06/01 01:06:05 info A대학 교수 전송완료 -
2022/06/01 01:06:06 info A대학 교수 생성완료 -
2022/06/01 01:06:06 info A대학 학생 전송완료 -
2022/06/01 01:06:07 info A대학 학생 생성완료 -
2022/06/01 01:06:07 info A대학 과목 전송완료 -
2022/06/01 01:06:08 error A대학 학과 생성시오류 ESD
2022/06/01 01:06:08 error A대학 학과 생성시오류 ESD
2022/06/01 01:06:08 error A대학 학과 생성시오류 ESD
2022/06/01 01:06:08 error A대학 학과 생성시오류 ESD
2022/06/01 01:06:08 info A대학 수강 전송완료 -
2022/06/01 01:06:09 info A대학 수강 생성완료 -
2022/06/01 08:06:10 info A대학 강의실 전송완료 -
2022/06/01 08:06:12 info A대학 강의실 생성완료 -
2022/06/01 08:06:12 info A대학 교수 전송완료 -
2022/06/01 08:06:13 info A대학 교수 생성완료 -
2022/06/01 08:06:13 info A대학 학생 전송완료 -
2022/06/01 08:06:14 info A대학 학생 생성완료 -
2022/06/01 08:06:14 info A대학 과목 전송완료 -
2022/06/01 08:06:15 error A대학 학과 생성시오류 ESD
2022/06/01 08:06:15 error A대학 학과 생성시오류 ESD
2022/06/01 08:06:15 error A대학 학과 생성시오류 ESD
2022/06/01 08:06:15 error A대학 학과 생성시오류 ESD
2022/06/01 08:06:15 info A대학 수강 전송완료 -
2022/06/01 08:06:16 info A대학 수강 생성완료 -
2022/06/01 08:06:17 info B대학 학생 전송완료 -
2022/06/01 08:06:07 info A대학 강의실 전송완료 -
2022/06/01 08:06:09 info A대학 강의실 생성완료 -
2022/06/01 08:06:09 info A대학 교수 전송완료 -
2022/06/01 08:06:10 info A대학 교수 생성완료 -
2022/06/01 08:06:10 info A대학 학생 전송완료 -
2022/06/01 08:06:11 error A대학 학생 생성시오류 ESD
2022/06/01 08:06:11 error A대학 학생 생성시오류 ESD
2022/06/01 08:06:11 info A대학 과목 전송완료 -
2022/06/01 08:06:12 info A대학 학과 생성완료 -
2022/06/01 08:06:12 info A대학 학과 생성완료 -
2022/06/01 08:06:12 info A대학 수강 전송완료 -
2022/06/01 08:06:13 info B대학 학생 전송완료 -
2022/06/01 08:06:13 info A대학 수강 생성완료 -
2022/06/01 09:06:02 info A대학 강의실 전송완료 -
2022/06/01 09:06:04 info A대학 강의실 생성완료 -
2022/06/01 09:06:04 info A대학 교수 전송완료 -
2022/06/01 09:06:05 info A대학 교수 생성완료 -
2022/06/01 09:06:05 info A대학 학생 전송완료 -
2022/06/01 09:06:06 error A대학 학생 생성시오류 ESD
2022/06/01 09:06:06 error A대학 학생 생성시오류 ESD
2022/06/01 09:06:06 info A대학 과목 전송완료 -
2022/06/01 09:06:06 info A대학 학과 생성완료 -
2022/06/01 09:06:06 info A대학 학과 생성완료 -
2022/06/01 09:06:06 info A대학 수강 전송완료 -
2022/06/01 09:06:07 info B대학 학생 전송완료 -
2022/06/01 09:06:07 info A대학 수강 생성완료 -
2022/06/01 09:06:05 info A대학 강의실 전송완료 -
2022/06/01 09:06:06 info A대학 강의실 생성완료 -
2022/06/01 09:06:07 info A대학 교수 전송완료 -
2022/06/01 09:06:07 info A대학 교수 생성완료 -
2022/06/01 09:06:07 info A대학 학생 전송완료 -
2022/06/01 09:06:08 error A대학 학생 생성시오류 ESD
2022/06/01 09:06:08 error A대학 학생 생성시오류 ESD
2022/06/01 09:06:08 info A대학 과목 전송완료 -
2022/06/01 09:06:09 info A대학 학과 생성완료 -
2022/06/01 09:06:09 info A대학 학과 생성완료 -
2022/06/01 09:06:09 info A대학 수강 전송완료 -
2022/06/01 09:06:09 info B대학 학생 전송완료 -
2022/06/01 09:06:09 info A대학 수강 생성완료 -
2022/06/01 09:06:03 info A대학 강의실 전송완료 -
2022/06/01 09:06:04 info A대학 강의실 생성완료 -
2022/06/01 09:06:05 info A대학 교수 전송완료 -
2022/06/01 09:06:05 info A대학 교수 생성완료 -
2022/06/01 09:06:05 info A대학 과목 전송완료 -
2022/06/01 09:06:06 info A대학 학과 생성완료 -
2022/06/01 09:06:06 info A대학 학과 생성완료 -
2022/06/01 09:06:06 info A대학 학생 전송완료 -
2022/06/01 09:06:07 info A대학 학생 생성완료 -
2022/06/01 09:06:07 info A대학 수강 전송완료 -
2022/06/01 09:06:08 info A대학 수강 생성완료 -
2022/06/01 09:06:02 info A대학 강의실 전송완료 -
2022/06/01 09:06:04 info A대학 강의실 생성완료 -
2022/06/01 09:06:04 info A대학 교수 전송완료 -
2022/06/01 09:06:05 info A대학 교수 생성완료 -
2022/06/01 09:06:05 info A대학 과목 전송완료 -
2022/06/01 09:06:05 info A대학 학과 생성완료 -
2022/06/01 09:06:06 info A대학 학과 생성완료 -
2022/06/01 09:06:06 info A대학 수강 전송완료 -
2022/06/01 09:06:07 info A대학 수강 생성완료 -
2022/06/01 09:06:10 info A대학 강의실 전송완료 -
2022/06/01 09:06:11 info A대학 강의실 생성완료 -
2022/06/01 09:06:12 info A대학 교수 전송완료 -
2022/06/01 09:06:12 info A대학 교수 생성완료 -
2022/06/01 09:06:12 info A대학 과목 전송완료 -
2022/06/01 09:06:13 info A대학 학과 생성완료 -
2022/06/01 09:06:13 info A대학 학과 생성완료 -
2022/06/01 09:06:13 info A대학 학생 전송완료 -
2022/06/01 09:06:14 info A대학 학생 생성완료 -
2022/06/01 09:06:14 info A대학 수강 전송완료 -
2022/06/01 09:06:15 info A대학 수강 생성완료 -
2022/06/01 11:06:04 info A대학 강의실 전송완료 -
2022/06/01 11:06:05 info A대학 강의실 생성완료 -
2022/06/01 11:06:06 info A대학 교수 전송완료 -
2022/06/01 11:06:07 info A대학 교수 생성완료 -
2022/06/01 11:06:07 info A대학 과목 전송완료 -
2022/06/01 11:06:07 error A대학 학과 생성시오류 ESD
2022/06/01 11:06:07 error A대학 학과 생성시오류 ESD
2022/06/01 11:06:08 error A대학 학과 생성시오류 ESD
2022/06/01 11:06:08 error A대학 학과 생성시오류 ESD
2022/06/01 11:06:08 info A대학 학생 전송완료 -
2022/06/01 11:06:08 error A대학 학생 생성시오류 ESD
2022/06/01 11:06:08 error A대학 학생 생성시오류 ESD
2022/06/01 11:06:08 info A대학 수강 전송완료 -
2022/06/01 11:06:09 info A대학 수강 생성완료 -
2022/06/01 11:06:10 info C대학 학과 전송완료 -
2022/06/01 11:06:11 info C대학 학과 생성완료 -
2022/06/01 11:06:03 info A대학 강의실 전송완료 -
2022/06/01 11:06:04 info A대학 강의실 생성완료 -
2022/06/01 11:06:05 info A대학 교수 전송완료 -
2022/06/01 11:06:05 info A대학 교수 생성완료 -
2022/06/01 11:06:05 info A대학 과목 전송완료 -
2022/06/01 11:06:06 info A대학 학과 생성완료 -
2022/06/01 11:06:06 info A대학 학과 생성완료 -
2022/06/01 11:06:06 info A대학 학생 전송완료 -
2022/06/01 11:06:07 error A대학 학생 생성시오류 ESD
2022/06/01 11:06:07 error A대학 학생 생성시오류 ESD
2022/06/01 11:06:07 info A대학 수강 전송완료 -
2022/06/01 11:06:08 info A대학 수강 생성완료 -
2022/06/01 11:06:08 info B대학 과목 전송완료 -
2022/06/01 11:06:09 error B대학 학과 생성시오류 ETD
2022/06/01 11:06:09 error B대학 학과 생성시오류 ETD
2022/06/01 11:06:09 info B대학 학과 생성완료 -
2022/06/01 11:06:09 info B대학 학생 전송완료 -
2022/06/01 11:06:02 info A대학 강의실 전송완료 -
2022/06/01 11:06:04 info A대학 강의실 생성완료 -
2022/06/01 11:06:05 info A대학 교수 전송완료 -
2022/06/01 11:06:05 info A대학 교수 생성완료 -
2022/06/01 11:06:05 info A대학 과목 전송완료 -
2022/06/01 11:06:06 info A대학 학과 생성완료 -
2022/06/01 11:06:06 info A대학 학과 생성완료 -
2022/06/01 11:06:06 info A대학 학생 전송완료 -
2022/06/01 11:06:07 info A대학 학생 생성완료 -
2022/06/01 11:06:07 info A대학 수강 전송완료 -
2022/06/01 11:06:08 info B대학 과목 전송완료 -
2022/06/01 11:06:08 info A대학 수강 생성완료 -
2022/06/01 11:06:08 error B대학 학과 생성시오류 ETD
2022/06/01 11:06:08 error B대학 학과 생성시오류 ETD
2022/06/01 11:06:08 info B대학 학과 생성완료 -
2022/06/01 11:06:08 info B대학 학생 전송완료 -
2022/06/01 11:06:05 info B대학 학생 전송완료 -
2022/06/01 11:06:02 info B대학 학생 전송완료 -
2022/06/01 11:06:04 error B대학 학생 생성시오류 ESD
2022/06/01 11:06:04 error B대학 학생 생성시오류 ESD
2022/06/01 11:06:04 info B대학 수강 전송완료 -
2022/06/01 11:06:05 info B대학 강의실 생성완료 -
2022/06/01 11:06:05 info B대학 교수 생성완료 -
2022/06/01 11:06:05 info B대학 과목 생성완료 -
2022/06/01 11:06:06 error B대학 수강 생성시오류 ESD
2022/06/01 11:06:06 error B대학 수강 생성시오류 ESD
2022/06/01 12:06:03 info B대학 학생 전송완료 -
2022/06/01 12:06:02 info B대학 학생 전송완료 -
2022/06/01 12:06:04 error B대학 학생 생성시오류 ESD
2022/06/01 12:06:04 error B대학 학생 생성시오류 ESD
2022/06/01 12:06:02 info B대학 학생 전송완료 -
2022/06/01 12:06:04 info B대학 학생 생성완료 -
2022/06/01 12:06:04 info B대학 학생 전송완료 -
2022/06/01 12:06:06 info B대학 학과 생성완료 -
2022/06/01 12:06:06 info B대학 학생 생성완료 -
2022/06/01 12:06:07 info A대학 강의실 전송완료 -
2022/06/01 12:06:08 info A대학 강의실 생성완료 -
2022/06/01 12:06:09 info A대학 교수 전송완료 -
2022/06/01 12:06:09 info A대학 교수 생성완료 -
2022/06/01 12:06:09 info A대학 과목 전송완료 -
2022/06/01 12:06:10 info A대학 학과 생성완료 -
2022/06/01 12:06:10 info A대학 학과 생성완료 -
2022/06/01 12:06:10 info A대학 학생 전송완료 -
2022/06/01 12:06:11 info A대학 학생 생성완료 -
2022/06/01 12:06:11 info A대학 수강 전송완료 -
2022/06/01 12:06:11 info A대학 교과목 생성완료 -
2022/06/01 12:06:12 info B대학 학생 전송완료 -
2022/06/01 12:06:12 info B대학 학과 생성완료 -
2022/06/01 12:06:12 info B대학 학생 생성완료 -
2022/06/01 12:06:03 info A대학 강의실 전송완료 -
2022/06/01 12:06:05 info A대학 강의실 생성완료 -
2022/06/01 12:06:05 info A대학 교수 전송완료 -
2022/06/01 12:06:06 info A대학 교수 생성완료 -
2022/06/01 12:06:06 info A대학 과목 전송완료 -
2022/06/01 12:06:06 info A대학 학과 생성완료 -
2022/06/01 12:06:07 info A대학 학과 생성완료 -
2022/06/01 12:06:07 info A대학 학생 전송완료 -
2022/06/01 12:06:07 info A대학 학생 생성완료 -
2022/06/01 12:06:07 info A대학 수강 전송완료 -
2022/06/01 12:06:08 info A대학 교과목 생성완료 -
2022/06/01 12:06:08 info B대학 학생 전송완료 -
2022/06/01 12:06:09 info B대학 학과 생성완료 -
2022/06/01 12:06:09 info B대학 학생 생성완료 -
2022/06/01 12:06:03 info A대학 강의실 전송완료 -
2022/06/01 12:06:05 info A대학 강의실 생성완료 -
2022/06/01 12:06:05 info A대학 교수 전송완료 -
2022/06/01 12:06:06 info A대학 교수 생성완료 -
2022/06/01 12:06:06 info A대학 과목 전송완료 -
2022/06/01 12:06:06 info A대학 학과 생성완료 -
2022/06/01 12:06:06 info A대학 학과 생성완료 -
2022/06/01 12:06:06 info A대학 학생 전송완료 -
2022/06/01 12:06:07 info A대학 학생 생성완료 -
2022/06/01 12:06:07 info A대학 수강 전송완료 -
2022/06/01 12:06:08 info A대학 교과목 생성완료 -
2022/06/01 12:06:08 info B대학 학생 전송완료 -
2022/06/01 12:06:03 info A대학 강의실 전송완료 -
2022/06/01 12:06:04 info A대학 강의실 생성완료 -
2022/06/01 12:06:05 info A대학 교수 전송완료 -
2022/06/01 12:06:05 info A대학 교수 생성완료 -
2022/06/01 12:06:05 info A대학 과목 전송완료 -
2022/06/01 12:06:06 info A대학 학과 생성완료 -
2022/06/01 12:06:06 info A대학 학과 생성완료 -
2022/06/01 12:06:06 info A대학 학생 전송완료 -
2022/06/01 12:06:07 info A대학 학생 생성완료 -
2022/06/01 12:06:07 info A대학 수강 전송완료 -
2022/06/01 12:06:07 info A대학 교과목 생성완료 -
2022/06/01 12:06:07 info B대학 학생 전송완료 -
2022/06/01 12:06:08 info B대학 학과 생성완료 -
2022/06/01 12:06:08 info B대학 학생 생성완료 -
2022/06/01 12:06:02 info A대학 강의실 전송완료 -
2022/06/01 12:06:03 info A대학 강의실 생성완료 -
2022/06/01 12:06:04 info A대학 교수 전송완료 -
2022/06/01 12:06:04 info A대학 교수 생성완료 -
2022/06/01 12:06:04 info A대학 과목 전송완료 -
2022/06/01 12:06:05 info A대학 학과 생성완료 -
2022/06/01 12:06:05 info A대학 학과 생성완료 -
2022/06/01 12:06:05 info A대학 학생 전송완료 -
2022/06/01 12:06:05 info A대학 학생 생성완료 -
2022/06/01 12:06:05 info A대학 수강 전송완료 -
2022/06/01 12:06:06 info A대학 교과목 생성완료 -
2022/06/01 12:06:06 info B대학 학생 전송완료 -
2022/06/01 12:06:06 info B대학 수강 전송완료 -
2022/06/01 12:06:06 info B대학 학과 생성완료 -
2022/06/01 12:06:07 info B대학 학생 생성완료 -
2022/06/01 12:06:07 info B대학 강의실 생성완료 -
2022/06/01 12:06:07 info B대학 교수 생성완료 -
2022/06/01 12:06:07 info C대학 학과 전송완료 -
2022/06/01 12:06:07 info B대학 과목 생성완료 -
2022/06/01 12:06:04 info A대학 강의실 전송완료 -
2022/06/01 12:06:05 info A대학 강의실 생성완료 -
2022/06/01 12:06:06 info A대학 교수 전송완료 -
2022/06/01 12:06:06 info A대학 교수 생성완료 -
2022/06/01 12:06:06 info A대학 과목 전송완료 -
2022/06/01 12:06:07 error A대학 학과 생성시오류 ESD
2022/06/01 12:06:07 error A대학 학과 생성시오류 ESD
2022/06/01 12:06:07 info A대학 학생 전송완료 -
2022/06/01 12:06:07 error A대학 학과 생성시오류 ESD
2022/06/01 12:06:07 error A대학 학과 생성시오류 ESD
2022/06/01 12:06:08 info A대학 학생 생성완료 -
2022/06/01 12:06:08 info A대학 수강 전송완료 -
2022/06/01 12:06:09 info A대학 교과목 생성완료 -
2022/06/01 12:06:09 info B대학 학생 전송완료 -
2022/06/01 12:06:09 info B대학 수강 전송완료 -
2022/06/01 12:06:09 info B대학 학생 생성완료 -
2022/06/01 12:06:09 info B대학 강의실 생성완료 -
2022/06/01 12:06:10 info B대학 교수 생성완료 -
2022/06/01 12:06:10 info B대학 과목 생성완료 -
2022/06/01 12:06:10 info C대학 학과 전송완료 -
2022/06/01 12:06:02 info A대학 강의실 전송완료 -
2022/06/01 12:06:03 info A대학 강의실 생성완료 -
2022/06/01 12:06:04 info A대학 교수 전송완료 -
2022/06/01 12:06:04 info A대학 교수 생성완료 -
2022/06/01 12:06:04 info A대학 과목 전송완료 -
2022/06/01 12:06:05 error A대학 학과 생성시오류 ESD
2022/06/01 12:06:05 error A대학 학과 생성시오류 ESD
2022/06/01 12:06:05 info A대학 학생 전송완료 -
2022/06/01 12:06:05 error A대학 학과 생성시오류 ESD
2022/06/01 12:06:05 error A대학 학과 생성시오류 ESD
2022/06/01 12:06:06 info A대학 학생 생성완료 -
2022/06/01 12:06:06 info A대학 수강 전송완료 -
2022/06/01 12:06:06 info B대학 학생 전송완료 -
2022/06/01 12:06:06 info A대학 교과목 생성완료 -
2022/06/01 12:06:07 info B대학 수강 전송완료 -
2022/06/01 12:06:07 info B대학 학생 생성완료 -
2022/06/01 12:06:07 info B대학 강의실 생성완료 -
2022/06/01 12:06:07 info B대학 교수 생성완료 -
2022/06/01 12:06:07 info C대학 학과 전송완료 -
2022/06/01 12:06:08 info B대학 과목 생성완료 -
2022/06/01 12:06:02 info A대학 강의실 전송완료 -
2022/06/01 12:06:04 info A대학 강의실 생성완료 -
2022/06/01 12:06:04 info A대학 교수 전송완료 -
2022/06/01 12:06:05 info A대학 교수 생성완료 -
2022/06/01 12:06:05 info A대학 과목 전송완료 -
2022/06/01 12:06:05 info A대학 학과 생성완료 -
2022/06/01 12:06:06 info A대학 학과 생성완료 -
2022/06/01 12:06:06 info A대학 학생 전송완료 -
2022/06/01 12:06:06 info A대학 학생 생성완료 -
2022/06/01 12:06:06 info A대학 수강 전송완료 -
2022/06/01 12:06:07 info B대학 학생 전송완료 -
2022/06/01 12:06:07 info A대학 교과목 생성완료 -
2022/06/01 12:06:07 info B대학 수강 전송완료 -
2022/06/01 12:06:08 info B대학 학과 생성완료 -
2022/06/01 12:06:08 info B대학 학생 생성완료 -
2022/06/01 12:06:08 info B대학 강의실 생성완료 -
2022/06/01 12:06:08 info B대학 교수 생성완료 -
2022/06/01 12:06:08 info C대학 학과 전송완료 -
2022/06/01 12:06:08 info B대학 과목 생성완료 -
2022/06/01 12:06:05 info A대학 강의실 전송완료 -
2022/06/01 12:06:07 info A대학 강의실 생성완료 -
2022/06/01 12:06:07 info A대학 교수 전송완료 -
2022/06/01 12:06:07 info A대학 교수 생성완료 -
2022/06/01 12:06:08 info A대학 과목 전송완료 -
2022/06/01 12:06:08 info A대학 학과 생성완료 -
2022/06/01 12:06:08 info A대학 학과 생성완료 -
2022/06/01 12:06:08 info A대학 학생 전송완료 -
2022/06/01 12:06:09 info A대학 학생 생성완료 -
2022/06/01 12:06:09 info A대학 수강 전송완료 -
2022/06/01 12:06:09 info A대학 교과목 생성완료 -
2022/06/01 12:06:09 info B대학 학생 전송완료 -
2022/06/01 12:06:10 info B대학 수강 전송완료 -
2022/06/01 12:06:10 info B대학 학과 생성완료 -
2022/06/01 12:06:10 info B대학 학생 생성완료 -
2022/06/01 12:06:10 info B대학 강의실 생성완료 -
2022/06/01 12:06:10 info C대학 학과 전송완료 -
2022/06/01 12:06:10 info B대학 교수 생성완료 -
2022/06/01 12:06:10 info B대학 과목 생성완료 -
2022/06/01 12:06:11 info C대학 학과 생성완료 -
2022/06/01 13:06:04 info A대학 강의실 전송완료 -
2022/06/01 13:06:06 info A대학 강의실 생성완료 -
2022/06/01 13:06:06 info A대학 교수 전송완료 -
2022/06/01 13:06:07 info A대학 교수 생성완료 -
2022/06/01 13:06:07 info A대학 과목 전송완료 -
2022/06/01 13:06:07 info A대학 학과 생성완료 -
2022/06/01 13:06:07 info A대학 학과 생성완료 -
2022/06/01 13:06:08 info A대학 학생 전송완료 -
2022/06/01 13:06:08 info A대학 학생 생성완료 -
2022/06/01 13:06:08 info A대학 수강 전송완료 -
2022/06/01 13:06:09 info A대학 교과목 생성완료 -
2022/06/01 13:06:09 info B대학 학생 전송완료 -
2022/06/01 13:06:10 info B대학 수강 전송완료 -
2022/06/01 13:06:10 info B대학 학과 생성완료 -
2022/06/01 13:06:10 info B대학 학생 생성완료 -
2022/06/01 13:06:10 info B대학 강의실 생성완료 -
2022/06/01 13:06:10 info B대학 교수 생성완료 -
2022/06/01 13:06:10 info C대학 학과 전송완료 -
2022/06/01 13:06:10 info B대학 과목 생성완료 -
2022/06/01 13:06:11 info C대학 학과 생성완료 -
2022/06/01 13:06:11 info B대학 수강 생성완료 -
2022/06/01 13:06:02 info A대학 강의실 전송완료 -
2022/06/01 13:06:04 info A대학 강의실 생성완료 -
2022/06/01 13:06:04 info A대학 교수 전송완료 -
2022/06/01 13:06:05 info A대학 교수 생성완료 -
2022/06/01 13:06:05 info A대학 과목 전송완료 -
2022/06/01 13:06:05 info A대학 학과 생성완료 -
2022/06/01 13:06:05 info A대학 학과 생성완료 -
2022/06/01 13:06:05 info A대학 학생 전송완료 -
2022/06/01 13:06:06 info A대학 학생 생성완료 -
2022/06/01 13:06:06 info A대학 수강 전송완료 -
2022/06/01 13:06:07 info A대학 교과목 생성완료 -
2022/06/01 13:06:07 info B대학 학생 전송완료 -
2022/06/01 13:06:07 info B대학 수강 전송완료 -
2022/06/01 13:06:07 info B대학 학과 생성완료 -
2022/06/01 13:06:08 info B대학 학생 생성완료 -
2022/06/01 13:06:08 info B대학 강의실 생성완료 -
2022/06/01 13:06:08 info B대학 교수 생성완료 -
2022/06/01 13:06:08 info C대학 학과 전송완료 -
2022/06/01 13:06:08 info B대학 과목 생성완료 -
2022/06/01 13:06:08 info C대학 학과 생성완료 -
2022/06/01 13:06:08 info B대학 수강 생성완료 -
2022/06/01 13:06:05 info A대학 강의실 전송완료 -
2022/06/01 13:06:06 info A대학 강의실 생성완료 -
2022/06/01 13:06:07 info A대학 교수 전송완료 -
2022/06/01 13:06:07 info A대학 교수 생성완료 -
2022/06/01 13:06:07 info A대학 과목 전송완료 -
2022/06/01 13:06:08 error A대학 학과 생성시오류 ESD
2022/06/01 13:06:08 error A대학 학과 생성시오류 ESD
2022/06/01 13:06:08 error A대학 학과 생성시오류 ESD
2022/06/01 13:06:08 error A대학 학과 생성시오류 ESD
2022/06/01 13:06:08 info A대학 학생 전송완료 -
2022/06/01 13:06:08 info A대학 학생 생성완료 -
2022/06/01 13:06:09 info A대학 수강 전송완료 -
2022/06/01 13:06:09 info B대학 학생 전송완료 -
2022/06/01 13:06:09 info A대학 교과목 생성완료 -
2022/06/01 13:06:10 info B대학 수강 전송완료 -
2022/06/01 13:06:10 info B대학 학생 생성완료 -
2022/06/01 13:06:10 info B대학 강의실 생성완료 -
2022/06/01 13:06:10 info B대학 교수 생성완료 -
2022/06/01 13:06:10 info B대학 과목 생성완료 -
2022/06/01 13:06:10 info C대학 학과 전송완료 -
2022/06/01 13:06:11 error C대학 학과 생성시오류 ESD
2022/06/01 13:06:11 error C대학 학과 생성시오류 ESD
2022/06/01 13:06:11 info B대학 수강 생성완료 -
2022/06/01 13:06:03 info A대학 강의실 전송완료 -
2022/06/01 13:06:05 info A대학 강의실 생성완료 -
2022/06/01 13:06:05 info A대학 교수 전송완료 -
2022/06/01 13:06:05 info A대학 교수 생성완료 -
2022/06/01 13:06:06 info A대학 과목 전송완료 -
2022/06/01 13:06:06 error A대학 학과 생성시오류 ESD
2022/06/01 13:06:06 error A대학 학과 생성시오류 ESD
2022/06/01 13:06:06 info A대학 학생 전송완료 -
2022/06/01 13:06:06 error A대학 학과 생성시오류 ESD
2022/06/01 13:06:06 error A대학 학과 생성시오류 ESD
2022/06/01 13:06:07 info A대학 학생 생성완료 -
2022/06/01 13:06:07 info A대학 수강 전송완료 -
2022/06/01 13:06:08 info B대학 학생 전송완료 -
2022/06/01 13:06:08 info A대학 교과목 생성완료 -
2022/06/01 13:06:08 info B대학 수강 전송완료 -
2022/06/01 13:06:08 info B대학 학생 생성완료 -
2022/06/01 13:06:08 info B대학 강의실 생성완료 -
2022/06/01 13:06:09 info B대학 교수 생성완료 -
2022/06/01 13:06:09 info B대학 과목 생성완료 -
2022/06/01 13:06:09 info C대학 학과 전송완료 -
2022/06/01 13:06:09 error C대학 학과 생성시오류 ESD
2022/06/01 13:06:09 error C대학 학과 생성시오류 ESD
2022/06/01 13:06:09 info B대학 수강 생성완료 -
2022/06/01 13:06:05 info A대학 강의실 전송완료 -
2022/06/01 13:06:06 info A대학 강의실 생성완료 -
2022/06/01 13:06:06 info A대학 교수 전송완료 -
2022/06/01 13:06:07 info A대학 교수 생성완료 -
2022/06/01 13:06:07 info A대학 과목 전송완료 -
2022/06/01 13:06:07 error A대학 학과 생성시오류 ESD
2022/06/01 13:06:07 error A대학 학과 생성시오류 ESD
2022/06/01 13:06:08 info A대학 학생 전송완료 -
2022/06/01 13:06:08 error A대학 학과 생성시오류 ESD
2022/06/01 13:06:08 error A대학 학과 생성시오류 ESD
2022/06/01 13:06:08 info A대학 학생 생성완료 -
2022/06/01 13:06:08 info A대학 수강 전송완료 -
2022/06/01 13:06:09 info B대학 학생 전송완료 -
2022/06/01 13:06:09 info A대학 교과목 생성완료 -
2022/06/01 13:06:09 info B대학 수강 전송완료 -
2022/06/01 13:06:09 info B대학 학생 생성완료 -
2022/06/01 13:06:10 info B대학 강의실 생성완료 -
2022/06/01 13:06:10 info C대학 학과 전송완료 -
2022/06/01 13:06:10 info B대학 교수 생성완료 -
2022/06/01 13:06:10 info B대학 과목 생성완료 -
2022/06/01 13:06:10 error C대학 학과 생성시오류 ESD
2022/06/01 13:06:10 error C대학 학과 생성시오류 ESD
2022/06/01 13:06:10 info B대학 수강 생성완료 -
2022/06/01 13:06:02 info A대학 강의실 전송완료 -
2022/06/01 13:06:03 info A대학 강의실 생성완료 -
2022/06/01 13:06:04 info A대학 교수 전송완료 -
2022/06/01 13:06:04 info A대학 교수 생성완료 -
2022/06/01 13:06:04 info A대학 과목 전송완료 -
2022/06/01 13:06:05 error A대학 학과 생성시오류 ESD
2022/06/01 13:06:05 error A대학 학과 생성시오류 ESD
2022/06/01 13:06:05 error A대학 학과 생성시오류 ESD
2022/06/01 13:06:05 error A대학 학과 생성시오류 ESD
2022/06/01 13:06:05 info A대학 학생 전송완료 -
2022/06/01 13:06:06 info A대학 학생 생성완료 -
2022/06/01 13:06:06 info A대학 수강 전송완료 -
2022/06/01 13:06:06 info B대학 학생 전송완료 -
2022/06/01 13:06:07 info A대학 교과목 생성완료 -
2022/06/01 13:06:07 info B대학 수강 전송완료 -
2022/06/01 13:06:07 info B대학 학생 생성완료 -
2022/06/01 13:06:07 info B대학 강의실 생성완료 -
2022/06/01 13:06:07 info B대학 교수 생성완료 -
2022/06/01 13:06:08 info B대학 과목 생성완료 -
2022/06/01 13:06:08 info B대학 수강 생성완료 -
2022/06/01 13:06:08 info C대학 학과 전송완료 -
2022/06/01 13:06:09 error C대학 학과 생성시오류 ESD
2022/06/01 13:06:09 error C대학 학과 생성시오류 ESD
2022/06/01 13:06:09 info C대학 학생 전송완료 -
2022/06/01 13:06:10 info C대학 학생 생성완료 -
2022/06/01 13:06:10 info C대학 수강 전송완료 -
2022/06/01 13:06:10 info C대학 강의실 생성완료 -
2022/06/01 13:06:11 info C대학 교수 생성완료 -
2022/06/01 13:06:11 info C대학 과목 생성완료 -
2022/06/01 13:06:04 info A대학 강의실 전송완료 -
2022/06/01 13:06:05 info A대학 강의실 생성완료 -
2022/06/01 13:06:06 info A대학 교수 전송완료 -
2022/06/01 13:06:06 info A대학 교수 생성완료 -
2022/06/01 13:06:07 info A대학 과목 전송완료 -
2022/06/01 13:06:07 info A대학 학과 생성완료 -
2022/06/01 13:06:07 info A대학 학과 생성완료 -
2022/06/01 13:06:07 info A대학 학생 전송완료 -
2022/06/01 13:06:08 info A대학 학생 생성완료 -
2022/06/01 13:06:08 info A대학 수강 전송완료 -
2022/06/01 13:06:08 info B대학 학생 전송완료 -
2022/06/01 13:06:08 info A대학 교과목 생성완료 -
2022/06/01 13:06:09 info B대학 수강 전송완료 -
2022/06/01 13:06:09 info B대학 학과 생성완료 -
2022/06/01 13:06:09 info B대학 학생 생성완료 -
2022/06/01 13:06:09 info B대학 강의실 생성완료 -
2022/06/01 13:06:10 info B대학 교수 생성완료 -
2022/06/01 13:06:10 info C대학 학과 전송완료 -
2022/06/01 13:06:10 info B대학 과목 생성완료 -
2022/06/01 13:06:10 info C대학 학과 생성완료 -
2022/06/01 13:06:10 info C대학 학생 전송완료 -
2022/06/01 13:06:10 info B대학 수강 생성완료 -
2022/06/01 13:06:11 info C대학 학생 생성완료 -
2022/06/01 13:06:11 info C대학 수강 전송완료 -
2022/06/01 13:06:11 info C대학 강의실 생성완료 -
2022/06/01 13:06:11 info C대학 교수 생성완료 -
2022/06/01 13:06:11 info C대학 과목 생성완료 -
2022/06/01 13:06:05 info A대학 강의실 전송완료 -
2022/06/01 13:06:06 info A대학 강의실 생성완료 -
2022/06/01 13:06:06 info A대학 교수 전송완료 -
2022/06/01 13:06:07 info A대학 교수 생성완료 -
2022/06/01 13:06:07 info A대학 과목 전송완료 -
2022/06/01 13:06:07 info A대학 학과 생성완료 -
2022/06/01 13:06:07 info A대학 학과 생성완료 -
2022/06/01 13:06:08 info A대학 학생 전송완료 -
2022/06/01 13:06:08 info A대학 학생 생성완료 -
2022/06/01 13:06:08 info A대학 수강 전송완료 -
2022/06/01 13:06:09 info B대학 학생 전송완료 -
2022/06/01 13:06:09 info A대학 교과목 생성완료 -
2022/06/01 13:06:09 info B대학 수강 전송완료 -
2022/06/01 13:06:09 info B대학 학과 생성완료 -
2022/06/01 13:06:10 info B대학 학생 생성완료 -
2022/06/01 13:06:10 info B대학 강의실 생성완료 -
2022/06/01 13:06:10 info B대학 교수 생성완료 -
2022/06/01 13:06:10 info C대학 학과 전송완료 -
2022/06/01 13:06:10 info B대학 과목 생성완료 -
2022/06/01 13:06:10 info C대학 학과 생성완료 -
2022/06/01 13:06:10 info B대학 수강 생성완료 -
2022/06/01 13:06:10 info C대학 학생 전송완료 -
2022/06/01 13:06:11 info C대학 학생 생성완료 -
2022/06/01 13:06:11 info C대학 수강 전송완료 -
2022/06/01 13:06:11 info C대학 강의실 생성완료 -
2022/06/01 13:06:11 info C대학 교수 생성완료 -
2022/06/01 13:06:11 info C대학 과목 생성완료 -
2022/06/01 13:06:06 info A대학 강의실 전송완료 -
2022/06/01 13:06:08 info A대학 강의실 생성완료 -
2022/06/01 13:06:08 info A대학 교수 전송완료 -
2022/06/01 13:06:09 info A대학 교수 생성완료 -
2022/06/01 13:06:09 info A대학 과목 전송완료 -
2022/06/01 13:06:10 info A대학 학과 생성완료 -
2022/06/01 13:06:10 info A대학 학과 생성완료 -
2022/06/01 13:06:10 info A대학 학생 전송완료 -
2022/06/01 13:06:10 info A대학 학생 생성완료 -
2022/06/01 13:06:11 info A대학 수강 전송완료 -
2022/06/01 13:06:11 info A대학 교과목 생성완료 -
2022/06/01 13:06:12 info B대학 학생 전송완료 -
2022/06/01 13:06:13 info B대학 학과 생성완료 -
2022/06/01 13:06:13 info B대학 학생 생성완료 -
2022/06/01 13:06:13 info B대학 수강 전송완료 -
2022/06/01 13:06:14 info B대학 강의실 생성완료 -
2022/06/01 13:06:14 info B대학 교수 생성완료 -
2022/06/01 13:06:14 info B대학 과목 생성완료 -
2022/06/01 13:06:14 info B대학 수강 생성완료 -
2022/06/01 13:06:15 info C대학 학과 전송완료 -
2022/06/01 13:06:15 info C대학 학과 생성완료 -
2022/06/01 13:06:16 info C대학 학생 전송완료 -
2022/06/01 13:06:16 info C대학 학생 생성완료 -
2022/06/01 13:06:16 info C대학 수강 전송완료 -
2022/06/01 13:06:17 info C대학 강의실 생성완료 -
2022/06/01 13:06:17 info C대학 교수 생성완료 -
2022/06/01 13:06:17 info C대학 과목 생성완료 -
2022/06/01 20:06:03 info A대학 강의실 전송완료 -
2022/06/01 20:06:04 info A대학 강의실 생성완료 -
2022/06/01 20:06:05 info A대학 교수 전송완료 -
2022/06/01 20:06:05 info A대학 교수 생성완료 -
2022/06/01 20:06:05 info A대학 과목 전송완료 -
2022/06/01 20:06:06 info A대학 학과 생성완료 -
2022/06/01 20:06:06 info A대학 학과 생성완료 -
2022/06/01 20:06:06 info A대학 학생 전송완료 -
2022/06/01 20:06:06 info A대학 학생 생성완료 -
2022/06/01 20:06:07 info A대학 수강 전송완료 -
2022/06/01 20:06:07 info A대학 교과목 생성완료 -
2022/06/01 20:06:08 info B대학 학생 전송완료 -
2022/06/01 20:06:09 info B대학 학과 생성완료 -
2022/06/01 20:06:09 info B대학 학생 생성완료 -
2022/06/01 20:06:09 info B대학 수강 전송완료 -
2022/06/01 20:06:10 info B대학 강의실 생성완료 -
2022/06/01 20:06:10 info B대학 교수 생성완료 -
2022/06/01 20:06:10 info B대학 과목 생성완료 -
2022/06/01 20:06:10 info B대학 수강 생성완료 -
2022/06/01 20:06:11 info C대학 학과 전송완료 -
2022/06/01 20:06:05 info A대학 강의실 전송완료 -
2022/06/01 20:06:06 info A대학 강의실 생성완료 -
2022/06/01 20:06:07 info A대학 교수 전송완료 -
2022/06/01 20:06:07 info A대학 교수 생성완료 -
2022/06/01 20:06:07 info A대학 과목 전송완료 -
2022/06/01 20:06:08 error A대학 학과 생성시오류 ESD
2022/06/01 20:06:08 error A대학 학과 생성시오류 ESD
2022/06/01 20:06:08 error A대학 학과 생성시오류 ESD
2022/06/01 20:06:08 error A대학 학과 생성시오류 ESD
2022/06/01 20:06:08 info A대학 학생 전송완료 -
2022/06/01 20:06:08 info A대학 학생 생성완료 -
2022/06/01 20:06:09 info A대학 수강 전송완료 -
2022/06/01 20:06:09 info A대학 교과목 생성완료 -
2022/06/01 20:06:09 info B대학 학생 전송완료 -
2022/06/01 20:06:10 info B대학 학생 생성완료 -
2022/06/01 20:06:10 info B대학 수강 전송완료 -
2022/06/01 20:06:10 info B대학 강의실 생성완료 -
2022/06/01 20:06:10 info B대학 교수 생성완료 -
2022/06/01 20:06:10 info B대학 과목 생성완료 -
2022/06/01 20:06:10 info C대학 학과 전송완료 -
2022/06/01 20:06:10 info B대학 수강 생성완료 -
2022/06/01 20:06:05 info A대학 강의실 전송완료 -
2022/06/01 20:06:06 info A대학 강의실 생성완료 -
2022/06/01 20:06:07 info A대학 교수 전송완료 -
2022/06/01 20:06:07 info A대학 교수 생성완료 -
2022/06/01 20:06:07 info A대학 과목 전송완료 -
2022/06/01 20:06:08 error A대학 학과 생성시오류 ESD
2022/06/01 20:06:08 error A대학 학과 생성시오류 ESD
2022/06/01 20:06:08 error A대학 학과 생성시오류 ESD
2022/06/01 20:06:08 error A대학 학과 생성시오류 ESD
2022/06/01 20:06:08 info A대학 학생 전송완료 -
2022/06/01 20:06:08 info A대학 학생 생성완료 -
2022/06/01 20:06:09 info A대학 수강 전송완료 -
2022/06/01 20:06:09 info A대학 교과목 생성완료 -
2022/06/01 20:06:09 info B대학 학생 전송완료 -
2022/06/01 20:06:10 info B대학 수강 전송완료 -
2022/06/01 20:06:10 info B대학 학생 생성완료 -
2022/06/01 20:06:10 info B대학 강의실 생성완료 -
2022/06/01 20:06:10 info B대학 교수 생성완료 -
2022/06/01 20:06:10 info B대학 과목 생성완료 -
2022/06/01 20:06:10 info C대학 학과 전송완료 -
2022/06/01 20:06:10 info B대학 수강 생성완료 -
2022/06/01 20:06:11 info C대학 학과 생성완료 -
2022/06/01 20:06:11 info C대학 학생 전송완료 -
2022/06/01 20:06:11 info C대학 학생 생성완료 -
2022/06/01 20:06:12 info C대학 수강 전송완료 -
2022/06/01 20:06:12 info C대학 강의실 생성완료 -
2022/06/01 20:06:12 info C대학 교수 생성완료 -
2022/06/01 20:06:12 info C대학 과목 생성완료 -
2022/06/01 20:06:04 info A대학 강의실 전송완료 -
2022/06/01 20:06:05 info A대학 강의실 생성완료 -
2022/06/01 20:06:06 info A대학 교수 전송완료 -
2022/06/01 20:06:06 info A대학 교수 생성완료 -
2022/06/01 20:06:06 info A대학 과목 전송완료 -
2022/06/01 20:06:07 error A대학 학과 생성시오류 ESD
2022/06/01 20:06:07 error A대학 학과 생성시오류 ESD
2022/06/01 20:06:07 error A대학 학과 생성시오류 ESD
2022/06/01 20:06:07 error A대학 학과 생성시오류 ESD
2022/06/01 20:06:07 info A대학 학생 전송완료 -
2022/06/01 20:06:07 info A대학 학생 생성완료 -
2022/06/01 20:06:08 info A대학 수강 전송완료 -
2022/06/01 20:06:08 info A대학 교과목 생성완료 -
2022/06/01 20:06:08 info B대학 학생 전송완료 -
2022/06/01 20:06:09 info B대학 수강 전송완료 -
2022/06/01 20:06:09 info B대학 학생 생성완료 -
2022/06/01 20:06:09 info B대학 강의실 생성완료 -
2022/06/01 20:06:09 info B대학 교수 생성완료 -
2022/06/01 20:06:09 info C대학 학과 전송완료 -
2022/06/01 20:06:09 info B대학 과목 생성완료 -
2022/06/01 20:06:10 info B대학 수강 생성완료 -
2022/06/01 20:06:10 error C대학 학과 생성시오류 ESD
2022/06/01 20:06:10 error C대학 학과 생성시오류 ESD
2022/06/01 20:06:10 info C대학 학생 전송완료 -
2022/06/01 20:06:10 info C대학 학생 생성완료 -
2022/06/01 20:06:10 info C대학 수강 전송완료 -
2022/06/01 20:06:11 info C대학 강의실 생성완료 -
2022/06/01 20:06:11 info C대학 교수 생성완료 -
2022/06/01 20:06:11 info C대학 과목 생성완료 -
2022/06/01 21:06:05 info A대학 강의실 전송완료 -
2022/06/01 21:06:06 info A대학 강의실 생성완료 -
2022/06/01 21:06:06 info A대학 교수 전송완료 -
2022/06/01 21:06:07 info A대학 교수 생성완료 -
2022/06/01 21:06:07 info A대학 과목 전송완료 -
2022/06/01 21:06:07 info A대학 학과 생성완료 -
2022/06/01 21:06:08 info A대학 학과 생성완료 -
2022/06/01 21:06:08 info A대학 학생 전송완료 -
2022/06/01 21:06:08 info A대학 학생 생성완료 -
2022/06/01 21:06:08 info A대학 수강 전송완료 -
2022/06/01 21:06:09 info A대학 교과목 생성완료 -
2022/06/01 21:06:09 info B대학 학생 전송완료 -
2022/06/01 21:06:09 info B대학 학과 생성완료 -
2022/06/01 21:06:09 info B대학 수강 전송완료 -
2022/06/01 21:06:09 info B대학 학생 생성완료 -
2022/06/01 21:06:10 info B대학 강의실 생성완료 -
2022/06/01 21:06:10 info B대학 교수 생성완료 -
2022/06/01 21:06:10 info B대학 과목 생성완료 -
2022/06/01 21:06:10 info C대학 학과 전송완료 -
2022/06/01 21:06:10 info B대학 수강 생성완료 -
2022/06/01 21:06:10 info C대학 학과 생성완료 -
2022/06/01 21:06:10 info C대학 학생 전송완료 -
2022/06/01 21:06:11 info C대학 학생 생성완료 -
2022/06/01 21:06:11 info C대학 수강 전송완료 -
2022/06/01 21:06:11 info C대학 강의실 생성완료 -
2022/06/01 21:06:11 info C대학 교수 생성완료 -
2022/06/01 21:06:11 info C대학 과목 생성완료 -
2022/06/01 21:06:03 info A대학 강의실 전송완료 -
2022/06/01 21:06:05 info A대학 강의실 생성완료 -
2022/06/01 21:06:05 info A대학 교수 전송완료 -
2022/06/01 21:06:05 info A대학 교수 생성완료 -
2022/06/01 21:06:06 info A대학 과목 전송완료 -
2022/06/01 21:06:06 info A대학 학과 생성완료 -
2022/06/01 21:06:06 info A대학 학과 생성완료 -
2022/06/01 21:06:06 info A대학 학생 전송완료 -
2022/06/01 21:06:07 info A대학 학생 생성완료 -
2022/06/01 21:06:07 info A대학 수강 전송완료 -
2022/06/01 21:06:07 info A대학 교과목 생성완료 -
2022/06/01 21:06:07 info B대학 학생 전송완료 -
2022/06/01 21:06:08 info B대학 수강 전송완료 -
2022/06/01 21:06:08 info B대학 학과 생성완료 -
2022/06/01 21:06:08 info B대학 학생 생성완료 -
2022/06/01 21:06:08 info B대학 강의실 생성완료 -
2022/06/01 21:06:08 info C대학 학과 전송완료 -
2022/06/01 21:06:08 info B대학 교수 생성완료 -
2022/06/01 21:06:09 info B대학 과목 생성완료 -
2022/06/01 21:06:09 info C대학 학과 생성완료 -
2022/06/01 21:06:09 info C대학 학생 전송완료 -
2022/06/01 21:06:09 info B대학 수강 생성완료 -
2022/06/01 21:06:10 info C대학 학생 생성완료 -
2022/06/01 21:06:10 info C대학 수강 전송완료 -
2022/06/01 21:06:10 info C대학 강의실 생성완료 -
2022/06/01 21:06:10 info C대학 교수 생성완료 -
2022/06/01 21:06:10 info C대학 과목 생성완료 -
2022/06/01 21:06:05 info A대학 강의실 전송완료 -
2022/06/01 21:06:07 info A대학 강의실 생성완료 -
2022/06/01 21:06:07 info A대학 교수 전송완료 -
2022/06/01 21:06:07 info A대학 교수 생성완료 -
2022/06/01 21:06:08 info A대학 과목 전송완료 -
2022/06/01 21:06:08 info A대학 학과 생성완료 -
2022/06/01 21:06:08 info A대학 학과 생성완료 -
2022/06/01 21:06:08 info A대학 학생 전송완료 -
2022/06/01 21:06:08 info A대학 학생 생성완료 -
2022/06/01 21:06:09 info A대학 수강 전송완료 -
2022/06/01 21:06:09 info A대학 교과목 생성완료 -
2022/06/01 21:06:09 info B대학 학생 전송완료 -
2022/06/01 21:06:10 info B대학 수강 전송완료 -
2022/06/01 21:06:10 info B대학 학과 생성완료 -
2022/06/01 21:06:10 info B대학 학생 생성완료 -
2022/06/01 21:06:10 info B대학 강의실 생성완료 -
2022/06/01 21:06:10 info C대학 학과 전송완료 -
2022/06/01 21:06:10 info B대학 교수 생성완료 -
2022/06/01 21:06:10 info B대학 과목 생성완료 -
2022/06/01 21:06:11 info B대학 수강 생성완료 -
2022/06/01 21:06:11 info C대학 학과 생성완료 -
2022/06/01 21:06:11 info C대학 학생 전송완료 -
2022/06/01 21:06:11 info C대학 학생 생성완료 -
2022/06/01 21:06:11 info C대학 수강 전송완료 -
2022/06/01 21:06:12 info C대학 강의실 생성완료 -
2022/06/01 21:06:12 info C대학 교수 생성완료 -
2022/06/01 21:06:12 info C대학 과목 생성완료 -
2022/06/01 21:06:06 info A대학 강의실 전송완료 -
2022/06/01 21:06:08 info A대학 강의실 생성완료 -
2022/06/01 21:06:08 info A대학 교수 전송완료 -
2022/06/01 21:06:08 info A대학 교수 생성완료 -
2022/06/01 21:06:08 info A대학 과목 전송완료 -
2022/06/01 21:06:09 info A대학 학과 생성완료 -
2022/06/01 21:06:09 info A대학 학과 생성완료 -
2022/06/01 21:06:09 info A대학 학생 전송완료 -
2022/06/01 21:06:09 info A대학 학생 생성완료 -
2022/06/01 21:06:10 info A대학 수강 전송완료 -
2022/06/01 21:06:10 info A대학 교과목 생성완료 -
2022/06/01 21:06:10 info B대학 학생 전송완료 -
2022/06/01 21:06:11 info B대학 수강 전송완료 -
2022/06/01 21:06:11 info B대학 학과 생성완료 -
2022/06/01 21:06:11 info B대학 학생 생성완료 -
2022/06/01 21:06:11 info B대학 강의실 생성완료 -
2022/06/01 21:06:11 info C대학 학과 전송완료 -
2022/06/01 21:06:11 info B대학 교수 생성완료 -
2022/06/01 21:06:11 info B대학 과목 생성완료 -
2022/06/01 21:06:12 info B대학 수강 생성완료 -
2022/06/01 21:06:12 info C대학 학과 생성완료 -
2022/06/01 21:06:12 info C대학 학생 전송완료 -
2022/06/01 21:06:12 info C대학 학생 생성완료 -
2022/06/01 21:06:12 info C대학 수강 전송완료 -
2022/06/01 21:06:13 info C대학 강의실 생성완료 -
2022/06/01 21:06:13 info C대학 교수 생성완료 -
2022/06/01 21:06:13 info C대학 과목 생성완료 -
2022/06/01 21:06:02 info A대학 강의실 전송완료 -
2022/06/01 21:06:03 info A대학 강의실 생성완료 -
2022/06/01 21:06:04 info A대학 교수 전송완료 -
2022/06/01 21:06:04 info A대학 교수 생성완료 -
2022/06/01 21:06:04 info A대학 과목 전송완료 -
2022/06/01 21:06:05 info A대학 학과 생성완료 -
2022/06/01 21:06:05 info A대학 학과 생성완료 -
2022/06/01 21:06:05 info A대학 학생 전송완료 -
2022/06/01 21:06:05 info A대학 학생 생성완료 -
2022/06/01 21:06:06 info A대학 수강 전송완료 -
2022/06/01 21:06:06 info A대학 교과목 생성완료 -
2022/06/01 21:06:06 info B대학 학생 전송완료 -
2022/06/01 21:06:07 info B대학 수강 전송완료 -
2022/06/01 21:06:07 info B대학 학과 생성완료 -
2022/06/01 21:06:07 info B대학 학생 생성완료 -
2022/06/01 21:06:07 info B대학 강의실 생성완료 -
2022/06/01 21:06:07 info C대학 학과 전송완료 -
2022/06/01 21:06:07 info B대학 교수 생성완료 -
2022/06/01 21:06:07 info B대학 과목 생성완료 -
2022/06/01 21:06:08 info C대학 학과 생성완료 -
2022/06/01 21:06:08 info C대학 학생 전송완료 -
2022/06/01 21:06:08 info B대학 수강 생성완료 -
2022/06/01 21:06:08 info C대학 학생 생성완료 -
2022/06/01 21:06:08 info C대학 수강 전송완료 -
2022/06/01 21:06:08 info C대학 강의실 생성완료 -
2022/06/01 21:06:08 info C대학 교수 생성완료 -
2022/06/01 21:06:09 info C대학 과목 생성완료 -
