2022/05/30 15:05:09 info A대학 강의실 전송완료 -
2022/05/30 15:05:10 info A대학 강의실 생성완료 -
2022/05/30 15:05:71 info A대학 교수 전송완료 -
2022/05/30 15:05:71 info A대학 교수 생성완료 -
2022/05/30 15:05:05 info A대학 과목 전송완료 -
2022/05/30 15:05:05 error A대학 학과 생성시오류 ESD
2022/05/30 15:05:05 error A대학 학과 생성시오류 ESD
2022/05/30 15:05:93 info A대학 과목 전송완료 -
2022/05/30 15:05:94 error A대학 학과 생성시오류 ESD
2022/05/30 15:05:94 error A대학 학과 생성시오류 ESD
2022/05/30 15:05:55 info A대학 수강 전송완료 -
2022/05/30 15:05:57 info A대학 수강 생성완료 -
2022/05/30 15:05:18 info B대학 수강 전송완료 -
2022/05/30 15:05:19 info B대학 강의실 생성완료 -
2022/05/30 15:05:19 info B대학 교수 생성완료 -
2022/05/30 15:05:20 info B대학 과목 생성완료 -
2022/05/30 15:05:20 info B대학 수강 생성완료 -
2022/05/30 15:05:40 info C대학 학과 전송완료 -
2022/05/30 15:05:41 error C대학 학과 생성시오류 ESD
2022/05/30 15:05:41 error C대학 학과 생성시오류 ESD
2022/05/30 15:05:66 info C대학 수강 전송완료 -
2022/05/30 15:05:66 info C대학 강의실 생성완료 -
2022/05/30 15:05:66 info C대학 교수 생성완료 -
2022/05/30 15:05:67 info C대학 과목 생성완료 -
