2022/06/06 10:06:18 info B대학 학생 전송완료 -
2022/06/06 11:06:10 info B대학 학생 전송완료 -
2022/06/06 11:06:11 info B대학 학과 생성완료 -
2022/06/06 11:06:11 info B대학 수강 전송완료 -
2022/06/06 11:06:11 error B대학 학생 생성시오류 ESD
2022/06/06 11:06:11 error B대학 학생 생성시오류 ESD
2022/06/06 11:06:12 info B대학 강의실 생성완료 -
2022/06/06 11:06:12 info B대학 강의실 생성완료 -
2022/06/06 11:06:12 info B대학 강의실 생성완료 -
2022/06/06 11:06:12 info B대학 강의실 생성완료 -
2022/06/06 11:06:12 info B대학 교수 생성완료 -
2022/06/06 11:06:12 info B대학 교수 생성완료 -
2022/06/06 11:06:12 info B대학 교수 생성완료 -
2022/06/06 11:06:12 info B대학 교수 생성완료 -
2022/06/06 11:06:13 info B대학 과목 생성완료 -
2022/06/06 11:06:13 info B대학 과목 생성완료 -
2022/06/06 11:06:13 info B대학 과목 생성완료 -
2022/06/06 11:06:13 info B대학 과목 생성완료 -
2022/06/06 11:06:13 info C대학 학과 전송완료 -
2022/06/06 11:06:13 info B대학 학생 전송완료 -
2022/06/06 11:06:14 info B대학 학과 생성완료 -
2022/06/06 11:06:14 info B대학 수강 전송완료 -
2022/06/06 11:06:14 error B대학 학생 생성시오류 ESD
2022/06/06 11:06:14 error B대학 학생 생성시오류 ESD
2022/06/06 11:06:15 info B대학 강의실 생성완료 -
2022/06/06 11:06:15 info B대학 강의실 생성완료 -
2022/06/06 11:06:15 info B대학 강의실 생성완료 -
2022/06/06 11:06:15 info B대학 강의실 생성완료 -
2022/06/06 11:06:15 info B대학 교수 생성완료 -
2022/06/06 11:06:15 info B대학 교수 생성완료 -
2022/06/06 11:06:16 info B대학 교수 생성완료 -
2022/06/06 11:06:16 info B대학 교수 생성완료 -
2022/06/06 11:06:16 info B대학 과목 생성완료 -
2022/06/06 11:06:16 info C대학 학과 전송완료 -
2022/06/06 11:06:16 info B대학 과목 생성완료 -
2022/06/06 11:06:16 info B대학 과목 생성완료 -
2022/06/06 11:06:16 info B대학 과목 생성완료 -
2022/06/06 11:06:10 info B대학 학생 전송완료 -
2022/06/06 11:06:11 info B대학 학과 생성완료 -
2022/06/06 11:06:12 info B대학 수강 전송완료 -
2022/06/06 11:06:12 error B대학 학생 생성시오류 ESD
2022/06/06 11:06:12 error B대학 학생 생성시오류 ESD
2022/06/06 11:06:12 info B대학 강의실 생성완료 -
2022/06/06 11:06:12 info B대학 강의실 생성완료 -
2022/06/06 11:06:12 info B대학 강의실 생성완료 -
2022/06/06 11:06:12 info B대학 강의실 생성완료 -
2022/06/06 11:06:12 info B대학 교수 생성완료 -
2022/06/06 11:06:13 info B대학 교수 생성완료 -
2022/06/06 11:06:13 info B대학 교수 생성완료 -
2022/06/06 11:06:13 info B대학 교수 생성완료 -
2022/06/06 11:06:13 info B대학 과목 생성완료 -
2022/06/06 11:06:13 info B대학 과목 생성완료 -
2022/06/06 11:06:13 info B대학 과목 생성완료 -
2022/06/06 11:06:13 info B대학 과목 생성완료 -
2022/06/06 11:06:13 info C대학 학과 전송완료 -
2022/06/06 11:06:09 info B대학 학생 전송완료 -
2022/06/06 11:06:10 info B대학 학과 생성완료 -
2022/06/06 11:06:10 info B대학 수강 전송완료 -
2022/06/06 11:06:10 info B대학 학생 생성완료 -
2022/06/06 11:06:11 info B대학 강의실 생성완료 -
2022/06/06 11:06:11 info B대학 강의실 생성완료 -
2022/06/06 11:06:11 info B대학 강의실 생성완료 -
2022/06/06 11:06:11 info B대학 강의실 생성완료 -
2022/06/06 11:06:11 info B대학 교수 생성완료 -
2022/06/06 11:06:11 info B대학 교수 생성완료 -
2022/06/06 11:06:11 info B대학 교수 생성완료 -
2022/06/06 11:06:11 info B대학 교수 생성완료 -
2022/06/06 11:06:12 info B대학 과목 생성완료 -
2022/06/06 11:06:12 info B대학 과목 생성완료 -
2022/06/06 11:06:12 info B대학 과목 생성완료 -
2022/06/06 11:06:12 info C대학 학과 전송완료 -
2022/06/06 11:06:12 info B대학 과목 생성완료 -
2022/06/06 11:06:12 info B대학 수강 생성완료 -
2022/06/06 11:06:12 info B대학 수강 생성완료 -
2022/06/06 11:06:12 info B대학 수강 생성완료 -
2022/06/06 11:06:12 info B대학 수강 생성완료 -
2022/06/06 11:06:13 info C대학 학과 생성완료 -
2022/06/06 11:06:13 info C대학 학생 전송완료 -
2022/06/06 11:06:13 info C대학 학생 생성완료 -
2022/06/06 11:06:14 info C대학 수강 전송완료 -
2022/06/06 11:06:14 info C대학 강의실 생성완료 -
2022/06/06 11:06:14 info C대학 강의실 생성완료 -
2022/06/06 11:06:14 info C대학 강의실 생성완료 -
2022/06/06 11:06:14 info C대학 강의실 생성완료 -
2022/06/06 11:06:14 info C대학 교수 생성완료 -
2022/06/06 11:06:14 info C대학 교수 생성완료 -
2022/06/06 11:06:14 info C대학 교수 생성완료 -
2022/06/06 11:06:14 info C대학 교수 생성완료 -
2022/06/06 11:06:15 info C대학 과목 생성완료 -
2022/06/06 11:06:15 info C대학 과목 생성완료 -
2022/06/06 11:06:15 info C대학 과목 생성완료 -
2022/06/06 11:06:15 info C대학 과목 생성완료 -
2022/06/06 13:06:10 info B대학 학생 전송완료 -
2022/06/06 13:06:11 info B대학 학과 생성완료 -
2022/06/06 13:06:11 info B대학 수강 전송완료 -
2022/06/06 13:06:11 info B대학 학생 생성완료 -
2022/06/06 13:06:12 info B대학 강의실 생성완료 -
2022/06/06 13:06:12 info B대학 강의실 생성완료 -
2022/06/06 13:06:12 info B대학 강의실 생성완료 -
2022/06/06 13:06:12 info B대학 강의실 생성완료 -
2022/06/06 13:06:12 info B대학 교수 생성완료 -
2022/06/06 13:06:12 info B대학 교수 생성완료 -
2022/06/06 13:06:12 info B대학 교수 생성완료 -
2022/06/06 13:06:12 info B대학 교수 생성완료 -
2022/06/06 13:06:13 info B대학 과목 생성완료 -
2022/06/06 13:06:13 info B대학 과목 생성완료 -
2022/06/06 13:06:13 info B대학 과목 생성완료 -
2022/06/06 13:06:13 info B대학 과목 생성완료 -
2022/06/06 13:06:13 info B대학 수강 생성완료 -
2022/06/06 13:06:14 info B대학 수강 생성완료 -
2022/06/06 13:06:13 info C대학 학과 전송완료 -
2022/06/06 13:06:14 info B대학 수강 생성완료 -
2022/06/06 13:06:14 info B대학 수강 생성완료 -
2022/06/06 13:06:14 info C대학 학과 생성완료 -
2022/06/06 13:06:15 info C대학 학생 전송완료 -
2022/06/06 13:06:15 info C대학 학생 생성완료 -
2022/06/06 13:06:15 info C대학 수강 전송완료 -
2022/06/06 13:06:16 info C대학 강의실 생성완료 -
2022/06/06 13:06:16 info C대학 강의실 생성완료 -
2022/06/06 13:06:16 info C대학 강의실 생성완료 -
2022/06/06 13:06:16 info C대학 강의실 생성완료 -
2022/06/06 13:06:16 info C대학 교수 생성완료 -
2022/06/06 13:06:16 info C대학 교수 생성완료 -
2022/06/06 13:06:16 info C대학 교수 생성완료 -
2022/06/06 13:06:16 info C대학 교수 생성완료 -
2022/06/06 13:06:16 info C대학 과목 생성완료 -
2022/06/06 13:06:16 info C대학 과목 생성완료 -
2022/06/06 13:06:17 info C대학 과목 생성완료 -
2022/06/06 13:06:17 info C대학 과목 생성완료 -
2022/06/06 13:06:10 info B대학 학생 전송완료 -
2022/06/06 13:06:11 info B대학 학과 생성완료 -
2022/06/06 13:06:11 info B대학 수강 전송완료 -
2022/06/06 13:06:11 info B대학 학생 생성완료 -
2022/06/06 13:06:12 info B대학 강의실 생성완료 -
2022/06/06 13:06:12 info B대학 강의실 생성완료 -
2022/06/06 13:06:12 info B대학 강의실 생성완료 -
2022/06/06 13:06:12 info B대학 강의실 생성완료 -
2022/06/06 13:06:12 info B대학 교수 생성완료 -
2022/06/06 13:06:12 info B대학 교수 생성완료 -
2022/06/06 13:06:12 info B대학 교수 생성완료 -
2022/06/06 13:06:12 info B대학 교수 생성완료 -
2022/06/06 13:06:12 info B대학 과목 생성완료 -
2022/06/06 13:06:13 info B대학 과목 생성완료 -
2022/06/06 13:06:13 info B대학 과목 생성완료 -
2022/06/06 13:06:13 info B대학 과목 생성완료 -
2022/06/06 13:06:13 info C대학 학과 전송완료 -
2022/06/06 13:06:13 info B대학 수강 생성완료 -
2022/06/06 13:06:13 info B대학 수강 생성완료 -
2022/06/06 13:06:13 info B대학 수강 생성완료 -
2022/06/06 13:06:13 info B대학 수강 생성완료 -
2022/06/06 13:06:13 info C대학 학과 생성완료 -
2022/06/06 13:06:14 info C대학 학생 전송완료 -
2022/06/06 13:06:14 info C대학 학생 생성완료 -
2022/06/06 13:06:14 info C대학 수강 전송완료 -
2022/06/06 13:06:15 info C대학 강의실 생성완료 -
2022/06/06 13:06:15 info C대학 강의실 생성완료 -
2022/06/06 13:06:15 info C대학 강의실 생성완료 -
2022/06/06 13:06:15 info C대학 강의실 생성완료 -
2022/06/06 13:06:15 info C대학 교수 생성완료 -
2022/06/06 13:06:15 info C대학 교수 생성완료 -
2022/06/06 13:06:15 info C대학 교수 생성완료 -
2022/06/06 13:06:15 info C대학 교수 생성완료 -
2022/06/06 13:06:16 info C대학 과목 생성완료 -
2022/06/06 13:06:16 info C대학 과목 생성완료 -
2022/06/06 13:06:16 info C대학 과목 생성완료 -
2022/06/06 13:06:16 info C대학 과목 생성완료 -
