2022/06/02 01:06:04 info A대학 강의실 전송완료 -
2022/06/02 01:06:06 info A대학 강의실 생성완료 -
2022/06/02 01:06:04 info A대학 강의실 전송완료 -
2022/06/02 01:06:06 info A대학 강의실 생성완료 -
2022/06/02 01:06:03 info A대학 강의실 전송완료 -
2022/06/02 01:06:05 info A대학 강의실 생성완료 -
2022/06/02 01:06:02 info A대학 강의실 전송완료 -
2022/06/02 01:06:04 info A대학 강의실 생성완료 -
2022/06/02 09:06:05 info A대학 강의실 전송완료 -
2022/06/02 09:06:07 info A대학 강의실 생성완료 -
2022/06/02 10:06:06 info A대학 강의실 전송완료 -
2022/06/02 10:06:08 info A대학 강의실 생성완료 -
2022/06/02 10:06:03 info A대학 강의실 전송완료 -
2022/06/02 10:06:04 info A대학 강의실 생성완료 -
2022/06/02 10:06:05 info A대학 강의실 생성완료 -
2022/06/02 10:06:05 info A대학 교수 전송완료 -
2022/06/02 10:06:05 info A대학 교수 생성완료 -
2022/06/02 10:06:03 info A대학 강의실 전송완료 -
2022/06/02 10:06:05 info A대학 강의실 생성완료 -
2022/06/02 10:06:06 info A대학 강의실 생성완료 -
2022/06/02 10:06:06 info A대학 교수 전송완료 -
2022/06/02 10:06:06 info A대학 교수 생성완료 -
2022/06/02 10:06:06 info A대학 교수 생성완료 -
2022/06/02 10:06:06 info A대학 과목 전송완료 -
2022/06/02 10:06:07 info A대학 학과 생성완료 -
2022/06/02 10:06:07 info A대학 학과 생성완료 -
2022/06/02 10:06:07 info A대학 학생 전송완료 -
2022/06/02 10:06:08 info A대학 학생 생성완료 -
2022/06/02 10:06:08 info A대학 수강 전송완료 -
2022/06/02 10:06:05 info A대학 강의실 전송완료 -
2022/06/02 10:06:07 info A대학 강의실 생성완료 -
2022/06/02 10:06:07 info A대학 강의실 생성완료 -
2022/06/02 10:06:07 info A대학 교수 전송완료 -
2022/06/02 10:06:08 info A대학 교수 생성완료 -
2022/06/02 10:06:08 info A대학 교수 생성완료 -
2022/06/02 10:06:08 info A대학 과목 전송완료 -
2022/06/02 10:06:09 error A대학 학과 생성시오류 ESD
2022/06/02 10:06:09 error A대학 학과 생성시오류 ESD
2022/06/02 10:06:09 error A대학 학과 생성시오류 ESD
2022/06/02 10:06:09 error A대학 학과 생성시오류 ESD
2022/06/02 10:06:09 info A대학 학생 전송완료 -
2022/06/02 10:06:09 info A대학 학생 생성완료 -
2022/06/02 10:06:10 info A대학 수강 전송완료 -
2022/06/02 10:06:03 info A대학 강의실 전송완료 -
2022/06/02 10:06:04 info A대학 강의실 생성완료 -
2022/06/02 10:06:05 info A대학 강의실 생성완료 -
2022/06/02 10:06:05 info A대학 교수 전송완료 -
2022/06/02 10:06:05 info A대학 교수 생성완료 -
2022/06/02 10:06:06 info A대학 교수 생성완료 -
2022/06/02 10:06:06 info A대학 과목 전송완료 -
2022/06/02 10:06:06 error A대학 학과 생성시오류 ESD
2022/06/02 10:06:06 error A대학 학과 생성시오류 ESD
2022/06/02 10:06:07 error A대학 학과 생성시오류 ESD
2022/06/02 10:06:07 error A대학 학과 생성시오류 ESD
2022/06/02 10:06:07 info A대학 학생 전송완료 -
2022/06/02 10:06:07 info A대학 학생 생성완료 -
2022/06/02 10:06:07 info A대학 수강 전송완료 -
2022/06/02 10:06:03 info A대학 강의실 전송완료 -
2022/06/02 10:06:04 info A대학 강의실 생성완료 -
2022/06/02 10:06:05 info A대학 강의실 생성완료 -
2022/06/02 10:06:05 info A대학 교수 전송완료 -
2022/06/02 10:06:05 info A대학 교수 생성완료 -
2022/06/02 10:06:06 info A대학 교수 생성완료 -
2022/06/02 10:06:06 info A대학 과목 전송완료 -
2022/06/02 10:06:06 error A대학 학과 생성시오류 ESD
2022/06/02 10:06:06 error A대학 학과 생성시오류 ESD
2022/06/02 10:06:07 error A대학 학과 생성시오류 ESD
2022/06/02 10:06:07 error A대학 학과 생성시오류 ESD
2022/06/02 10:06:07 info A대학 학생 전송완료 -
2022/06/02 10:06:07 info A대학 학생 생성완료 -
2022/06/02 10:06:07 info A대학 수강 전송완료 -
2022/06/02 10:06:03 info A대학 강의실 전송완료 -
2022/06/02 10:06:05 info A대학 강의실 생성완료 -
2022/06/02 10:06:05 info A대학 강의실 생성완료 -
2022/06/02 10:06:05 info A대학 교수 전송완료 -
2022/06/02 10:06:06 info A대학 교수 생성완료 -
2022/06/02 10:06:06 info A대학 교수 생성완료 -
2022/06/02 10:06:06 info A대학 과목 전송완료 -
2022/06/02 10:06:07 error A대학 학과 생성시오류 ESD
2022/06/02 10:06:07 error A대학 학과 생성시오류 ESD
2022/06/02 10:06:07 error A대학 학과 생성시오류 ESD
2022/06/02 10:06:07 error A대학 학과 생성시오류 ESD
2022/06/02 10:06:07 info A대학 학생 전송완료 -
2022/06/02 10:06:08 info A대학 학생 생성완료 -
2022/06/02 10:06:08 info A대학 수강 전송완료 -
2022/06/02 10:06:03 info A대학 강의실 전송완료 -
2022/06/02 10:06:05 info A대학 강의실 생성완료 -
2022/06/02 10:06:05 info A대학 강의실 생성완료 -
2022/06/02 10:06:06 info A대학 교수 전송완료 -
2022/06/02 10:06:06 info A대학 교수 생성완료 -
2022/06/02 10:06:06 info A대학 교수 생성완료 -
2022/06/02 10:06:06 info A대학 과목 전송완료 -
2022/06/02 10:06:07 error A대학 학과 생성시오류 ESD
2022/06/02 10:06:07 error A대학 학과 생성시오류 ESD
2022/06/02 10:06:07 error A대학 학과 생성시오류 ESD
2022/06/02 10:06:07 error A대학 학과 생성시오류 ESD
2022/06/02 10:06:07 info A대학 학생 전송완료 -
2022/06/02 10:06:08 info A대학 학생 생성완료 -
2022/06/02 10:06:08 info A대학 수강 전송완료 -
2022/06/02 10:06:03 info A대학 강의실 전송완료 -
2022/06/02 10:06:05 info A대학 강의실 생성완료 -
2022/06/02 10:06:05 info A대학 강의실 생성완료 -
2022/06/02 10:06:05 info A대학 교수 전송완료 -
2022/06/02 10:06:06 info A대학 교수 생성완료 -
2022/06/02 10:06:06 info A대학 교수 생성완료 -
2022/06/02 10:06:06 info A대학 과목 전송완료 -
2022/06/02 10:06:07 info A대학 학과 생성완료 -
2022/06/02 10:06:07 info A대학 학과 생성완료 -
2022/06/02 10:06:07 info A대학 학생 전송완료 -
2022/06/02 10:06:07 info A대학 학생 생성완료 -
2022/06/02 10:06:08 info A대학 수강 전송완료 -
2022/06/02 10:06:03 info A대학 강의실 전송완료 -
2022/06/02 10:06:05 info A대학 강의실 생성완료 -
2022/06/02 10:06:05 info A대학 강의실 생성완료 -
2022/06/02 10:06:06 info A대학 교수 전송완료 -
2022/06/02 10:06:06 info A대학 교수 생성완료 -
2022/06/02 10:06:06 info A대학 교수 생성완료 -
2022/06/02 10:06:06 info A대학 과목 전송완료 -
2022/06/02 10:06:07 error A대학 학과 생성시오류 ESD
2022/06/02 10:06:07 error A대학 학과 생성시오류 ESD
2022/06/02 10:06:07 error A대학 학과 생성시오류 ESD
2022/06/02 10:06:07 error A대학 학과 생성시오류 ESD
2022/06/02 10:06:07 info A대학 학생 전송완료 -
2022/06/02 10:06:08 info A대학 학생 생성완료 -
2022/06/02 10:06:08 info A대학 수강 전송완료 -
2022/06/02 10:06:03 info A대학 강의실 전송완료 -
2022/06/02 10:06:04 info A대학 강의실 생성완료 -
2022/06/02 10:06:05 info A대학 강의실 생성완료 -
2022/06/02 10:06:05 info A대학 교수 전송완료 -
2022/06/02 10:06:05 info A대학 교수 생성완료 -
2022/06/02 10:06:05 info A대학 교수 생성완료 -
2022/06/02 10:06:06 info A대학 과목 전송완료 -
2022/06/02 10:06:06 info A대학 학과 생성완료 -
2022/06/02 10:06:06 info A대학 학과 생성완료 -
2022/06/02 10:06:06 info A대학 학생 전송완료 -
2022/06/02 10:06:07 info A대학 학생 생성완료 -
2022/06/02 10:06:07 info A대학 수강 전송완료 -
2022/06/02 10:06:03 info A대학 강의실 전송완료 -
2022/06/02 10:06:05 info A대학 강의실 생성완료 -
2022/06/02 10:06:05 info A대학 강의실 생성완료 -
2022/06/02 10:06:06 info A대학 교수 전송완료 -
2022/06/02 10:06:06 info A대학 교수 생성완료 -
2022/06/02 10:06:06 info A대학 교수 생성완료 -
2022/06/02 10:06:06 info A대학 과목 전송완료 -
2022/06/02 10:06:07 info A대학 학과 생성완료 -
2022/06/02 10:06:07 info A대학 학과 생성완료 -
2022/06/02 10:06:07 info A대학 학생 전송완료 -
2022/06/02 10:06:08 info A대학 학생 생성완료 -
2022/06/02 10:06:08 info A대학 수강 전송완료 -
2022/06/02 10:06:03 info A대학 강의실 전송완료 -
2022/06/02 10:06:04 info A대학 강의실 생성완료 -
2022/06/02 10:06:05 info A대학 강의실 생성완료 -
2022/06/02 10:06:05 info A대학 교수 전송완료 -
2022/06/02 10:06:05 info A대학 교수 생성완료 -
2022/06/02 10:06:05 info A대학 교수 생성완료 -
2022/06/02 10:06:06 info A대학 과목 전송완료 -
2022/06/02 10:06:06 info A대학 학과 생성완료 -
2022/06/02 10:06:06 info A대학 학과 생성완료 -
2022/06/02 10:06:06 info A대학 학생 전송완료 -
2022/06/02 10:06:07 info A대학 학생 생성완료 -
2022/06/02 10:06:07 info A대학 수강 전송완료 -
2022/06/02 11:06:03 info A대학 강의실 전송완료 -
2022/06/02 11:06:05 info A대학 강의실 생성완료 -
2022/06/02 11:06:05 info A대학 강의실 생성완료 -
2022/06/02 11:06:05 info A대학 교수 전송완료 -
2022/06/02 11:06:06 info A대학 교수 생성완료 -
2022/06/02 11:06:06 info A대학 교수 생성완료 -
2022/06/02 11:06:06 info A대학 과목 전송완료 -
2022/06/02 11:06:06 info A대학 학과 생성완료 -
2022/06/02 11:06:06 info A대학 학과 생성완료 -
2022/06/02 11:06:06 info A대학 학생 전송완료 -
2022/06/02 11:06:07 info A대학 학생 생성완료 -
2022/06/02 11:06:07 info A대학 수강 전송완료 -
2022/06/02 11:06:03 info A대학 강의실 전송완료 -
2022/06/02 11:06:05 info A대학 강의실 생성완료 -
2022/06/02 11:06:05 info A대학 강의실 생성완료 -
2022/06/02 11:06:05 info A대학 교수 전송완료 -
2022/06/02 11:06:06 info A대학 교수 생성완료 -
2022/06/02 11:06:06 info A대학 교수 생성완료 -
2022/06/02 11:06:06 info A대학 과목 전송완료 -
2022/06/02 11:06:06 info A대학 학과 생성완료 -
2022/06/02 11:06:07 info A대학 학과 생성완료 -
2022/06/02 11:06:07 info A대학 학생 전송완료 -
2022/06/02 11:06:07 info A대학 학생 생성완료 -
2022/06/02 11:06:07 info A대학 수강 전송완료 -
2022/06/02 11:06:04 info A대학 강의실 전송완료 -
2022/06/02 11:06:06 info A대학 강의실 생성완료 -
2022/06/02 11:06:06 info A대학 강의실 생성완료 -
2022/06/02 11:06:06 info A대학 교수 전송완료 -
2022/06/02 11:06:06 info A대학 교수 생성완료 -
2022/06/02 11:06:07 info A대학 교수 생성완료 -
2022/06/02 11:06:07 info A대학 과목 전송완료 -
2022/06/02 11:06:07 error A대학 학과 생성시오류 ESD
2022/06/02 11:06:07 error A대학 학과 생성시오류 ESD
2022/06/02 11:06:08 error A대학 학과 생성시오류 ESD
2022/06/02 11:06:08 error A대학 학과 생성시오류 ESD
2022/06/02 11:06:08 info A대학 학생 전송완료 -
2022/06/02 11:06:08 info A대학 학생 생성완료 -
2022/06/02 11:06:08 info A대학 수강 전송완료 -
2022/06/02 11:06:09 error A대학 교과목 생성시오류 ESD
2022/06/02 11:06:09 error A대학 교과목 생성시오류 ESD
2022/06/02 11:06:09 error A대학 교과목 생성시오류 ESD
2022/06/02 11:06:09 error A대학 교과목 생성시오류 ESD
2022/06/02 11:06:03 info A대학 강의실 전송완료 -
2022/06/02 11:06:05 info A대학 강의실 생성완료 -
2022/06/02 11:06:05 info A대학 강의실 생성완료 -
2022/06/02 11:06:05 info A대학 교수 전송완료 -
2022/06/02 11:06:06 info A대학 교수 생성완료 -
2022/06/02 11:06:06 info A대학 교수 생성완료 -
2022/06/02 11:06:06 info A대학 과목 전송완료 -
2022/06/02 11:06:07 error A대학 학과 생성시오류 ESD
2022/06/02 11:06:07 error A대학 학과 생성시오류 ESD
2022/06/02 11:06:07 error A대학 학과 생성시오류 ESD
2022/06/02 11:06:07 error A대학 학과 생성시오류 ESD
2022/06/02 11:06:07 info A대학 학생 전송완료 -
2022/06/02 11:06:07 info A대학 학생 생성완료 -
2022/06/02 11:06:08 info A대학 수강 전송완료 -
2022/06/02 11:06:09 error A대학 교과목 생성시오류 ESD
2022/06/02 11:06:09 error A대학 교과목 생성시오류 ESD
2022/06/02 11:06:09 error A대학 교과목 생성시오류 ESD
2022/06/02 11:06:09 error A대학 교과목 생성시오류 ESD
2022/06/02 11:06:03 info A대학 강의실 전송완료 -
2022/06/02 11:06:05 info A대학 강의실 생성완료 -
2022/06/02 11:06:05 info A대학 강의실 생성완료 -
2022/06/02 11:06:05 info A대학 교수 전송완료 -
2022/06/02 11:06:06 info A대학 교수 생성완료 -
2022/06/02 11:06:06 info A대학 교수 생성완료 -
2022/06/02 11:06:06 info A대학 과목 전송완료 -
2022/06/02 11:06:06 info A대학 학과 생성완료 -
2022/06/02 11:06:06 info A대학 학과 생성완료 -
2022/06/02 11:06:07 info A대학 학생 전송완료 -
2022/06/02 11:06:07 info A대학 학생 생성완료 -
2022/06/02 11:06:07 info A대학 수강 전송완료 -
2022/06/02 11:06:08 error A대학 교과목 생성시오류 ESD
2022/06/02 11:06:08 error A대학 교과목 생성시오류 ESD
2022/06/02 11:06:08 error A대학 교과목 생성시오류 ESD
2022/06/02 11:06:08 error A대학 교과목 생성시오류 ESD
2022/06/02 11:06:03 info A대학 강의실 전송완료 -
2022/06/02 11:06:04 info A대학 강의실 전송완료 -
2022/06/02 11:06:06 info A대학 강의실 생성완료 -
2022/06/02 11:06:06 info A대학 강의실 생성완료 -
2022/06/02 11:06:06 info A대학 교수 전송완료 -
2022/06/02 11:06:07 info A대학 교수 생성완료 -
2022/06/02 11:06:07 info A대학 교수 생성완료 -
2022/06/02 11:06:07 info A대학 과목 전송완료 -
2022/06/02 11:06:08 info A대학 학과 생성완료 -
2022/06/02 11:06:08 info A대학 학과 생성완료 -
2022/06/02 11:06:08 info A대학 학생 전송완료 -
2022/06/02 11:06:09 info A대학 학생 생성완료 -
2022/06/02 11:06:09 info A대학 수강 전송완료 -
2022/06/02 11:06:10 error A대학 교과목 생성시오류 ESD
2022/06/02 11:06:10 error A대학 교과목 생성시오류 ESD
2022/06/02 11:06:10 error A대학 교과목 생성시오류 ESD
2022/06/02 11:06:10 error A대학 교과목 생성시오류 ESD
2022/06/02 12:06:03 info A대학 강의실 전송완료 -
2022/06/02 12:06:05 info A대학 강의실 생성완료 -
2022/06/02 12:06:06 info A대학 강의실 생성완료 -
2022/06/02 12:06:06 info A대학 교수 전송완료 -
2022/06/02 12:06:06 info A대학 교수 생성완료 -
2022/06/02 12:06:06 info A대학 교수 생성완료 -
2022/06/02 12:06:07 info A대학 과목 전송완료 -
2022/06/02 12:06:07 info A대학 학과 생성완료 -
2022/06/02 12:06:07 info A대학 학과 생성완료 -
2022/06/02 12:06:07 info A대학 학생 전송완료 -
2022/06/02 12:06:08 info A대학 학생 생성완료 -
2022/06/02 12:06:08 info A대학 수강 전송완료 -
2022/06/02 12:06:09 info A대학 교과목 생성완료 -
2022/06/02 12:06:09 info A대학 교과목 생성완료 -
2022/06/02 13:06:05 info A대학 강의실 전송완료 -
2022/06/02 13:06:06 info A대학 강의실 생성완료 -
2022/06/02 13:06:07 info A대학 강의실 생성완료 -
2022/06/02 13:06:07 info A대학 교수 전송완료 -
2022/06/02 13:06:07 info A대학 교수 생성완료 -
2022/06/02 13:06:07 info A대학 교수 생성완료 -
2022/06/02 13:06:07 info A대학 과목 전송완료 -
2022/06/02 13:06:08 info A대학 학과 생성완료 -
2022/06/02 13:06:08 info A대학 학과 생성완료 -
2022/06/02 13:06:08 info A대학 학생 전송완료 -
2022/06/02 13:06:09 info A대학 학생 생성완료 -
2022/06/02 13:06:09 info A대학 수강 전송완료 -
2022/06/02 13:06:10 info A대학 교과목 생성완료 -
2022/06/02 13:06:10 error A대학 교과목 생성시오류 ESD
2022/06/02 13:06:10 error A대학 교과목 생성시오류 ESD
2022/06/02 13:06:06 info A대학 강의실 전송완료 -
2022/06/02 13:06:08 info A대학 강의실 생성완료 -
2022/06/02 13:06:08 info A대학 강의실 생성완료 -
2022/06/02 13:06:08 info A대학 교수 전송완료 -
2022/06/02 13:06:09 info A대학 교수 생성완료 -
2022/06/02 13:06:09 info A대학 교수 생성완료 -
2022/06/02 13:06:09 info A대학 과목 전송완료 -
2022/06/02 13:06:09 info A대학 학과 생성완료 -
2022/06/02 13:06:10 info A대학 학과 생성완료 -
2022/06/02 13:06:10 info A대학 학생 전송완료 -
2022/06/02 13:06:10 info A대학 학생 생성완료 -
2022/06/02 13:06:10 info A대학 수강 전송완료 -
2022/06/02 13:06:11 info A대학 교과목 생성완료 -
2022/06/02 13:06:11 info A대학 교과목 생성완료 -
2022/06/02 13:06:07 info A대학 강의실 전송완료 -
2022/06/02 13:06:09 info A대학 강의실 생성완료 -
2022/06/02 13:06:09 info A대학 강의실 생성완료 -
2022/06/02 13:06:09 info A대학 교수 전송완료 -
2022/06/02 13:06:10 info A대학 교수 생성완료 -
2022/06/02 13:06:10 info A대학 교수 생성완료 -
2022/06/02 13:06:10 info A대학 과목 전송완료 -
2022/06/02 13:06:11 info A대학 학과 생성완료 -
2022/06/02 13:06:11 info A대학 학과 생성완료 -
2022/06/02 13:06:11 info A대학 학생 전송완료 -
2022/06/02 13:06:11 info A대학 학생 생성완료 -
2022/06/02 13:06:11 info A대학 수강 전송완료 -
2022/06/02 13:06:12 info A대학 교과목 생성완료 -
2022/06/02 13:06:12 info A대학 교과목 생성완료 -
2022/06/02 14:06:03 info A대학 강의실 전송완료 -
2022/06/02 14:06:05 info A대학 강의실 생성완료 -
2022/06/02 14:06:06 info A대학 강의실 생성완료 -
2022/06/02 14:06:06 info A대학 교수 전송완료 -
2022/06/02 14:06:06 info A대학 교수 생성완료 -
2022/06/02 14:06:06 info A대학 교수 생성완료 -
2022/06/02 14:06:07 info A대학 과목 전송완료 -
2022/06/02 14:06:07 info A대학 학과 생성완료 -
2022/06/02 14:06:07 info A대학 학과 생성완료 -
2022/06/02 14:06:07 info A대학 학생 전송완료 -
2022/06/02 14:06:08 info A대학 학생 생성완료 -
2022/06/02 14:06:08 info A대학 수강 전송완료 -
2022/06/02 14:06:09 info A대학 교과목 생성완료 -
2022/06/02 14:06:09 info A대학 교과목 생성완료 -
2022/06/02 14:06:03 info A대학 강의실 전송완료 -
2022/06/02 14:06:05 info A대학 강의실 생성완료 -
2022/06/02 14:06:06 info A대학 강의실 생성완료 -
2022/06/02 14:06:06 info A대학 교수 전송완료 -
2022/06/02 14:06:06 info A대학 교수 생성완료 -
2022/06/02 14:06:06 info A대학 교수 생성완료 -
2022/06/02 14:06:07 info A대학 과목 전송완료 -
2022/06/02 14:06:07 info A대학 학과 생성완료 -
2022/06/02 14:06:07 info A대학 학과 생성완료 -
2022/06/02 14:06:07 info A대학 학생 전송완료 -
2022/06/02 14:06:08 info A대학 학생 생성완료 -
2022/06/02 14:06:08 info A대학 수강 전송완료 -
2022/06/02 14:06:09 info A대학 교과목 생성완료 -
2022/06/02 14:06:09 info A대학 교과목 생성완료 -
2022/06/02 14:06:03 info A대학 강의실 전송완료 -
2022/06/02 14:06:04 info A대학 강의실 생성완료 -
2022/06/02 14:06:05 info A대학 강의실 생성완료 -
2022/06/02 14:06:05 info A대학 교수 전송완료 -
2022/06/02 14:06:05 info A대학 교수 생성완료 -
2022/06/02 14:06:05 info A대학 교수 생성완료 -
2022/06/02 14:06:06 info A대학 과목 전송완료 -
2022/06/02 14:06:06 error A대학 학과 생성시오류 ESD
2022/06/02 14:06:06 error A대학 학과 생성시오류 ESD
2022/06/02 14:06:06 error A대학 학과 생성시오류 ESD
2022/06/02 14:06:06 error A대학 학과 생성시오류 ESD
2022/06/02 14:06:06 info A대학 학생 전송완료 -
2022/06/02 14:06:07 info A대학 학생 생성완료 -
2022/06/02 14:06:07 info A대학 수강 전송완료 -
2022/06/02 14:06:08 info A대학 교과목 생성완료 -
2022/06/02 14:06:08 info A대학 교과목 생성완료 -
2022/06/02 15:06:05 info A대학 강의실 전송완료 -
2022/06/02 15:06:06 info A대학 강의실 생성완료 -
2022/06/02 15:06:07 info A대학 강의실 생성완료 -
2022/06/02 15:06:07 info A대학 교수 전송완료 -
2022/06/02 15:06:07 info A대학 교수 생성완료 -
2022/06/02 15:06:07 info A대학 교수 생성완료 -
2022/06/02 15:06:07 info A대학 과목 전송완료 -
2022/06/02 15:06:08 info A대학 학과 생성완료 -
2022/06/02 15:06:08 info A대학 학과 생성완료 -
2022/06/02 15:06:08 info A대학 학생 전송완료 -
2022/06/02 15:06:08 info A대학 학생 생성완료 -
2022/06/02 15:06:09 info A대학 수강 전송완료 -
2022/06/02 15:06:10 info A대학 교과목 생성완료 -
2022/06/02 15:06:10 info A대학 교과목 생성완료 -
2022/06/02 15:06:02 info A대학 강의실 전송완료 -
2022/06/02 15:06:04 info A대학 강의실 생성완료 -
2022/06/02 15:06:04 info A대학 교수 전송완료 -
2022/06/02 15:06:04 info A대학 강의실 생성완료 -
2022/06/02 15:06:05 info A대학 교수 생성완료 -
2022/06/02 15:06:05 info A대학 교수 생성완료 -
2022/06/02 15:06:05 info A대학 과목 전송완료 -
2022/06/02 15:06:05 info A대학 학과 생성완료 -
2022/06/02 15:06:05 info A대학 학과 생성완료 -
2022/06/02 15:06:05 info A대학 학생 전송완료 -
2022/06/02 15:06:06 info A대학 학생 생성완료 -
2022/06/02 15:06:06 info A대학 수강 전송완료 -
2022/06/02 15:06:07 info A대학 교과목 생성완료 -
2022/06/02 15:06:07 info A대학 교과목 생성완료 -
2022/06/02 15:06:07 info B대학 학생 전송완료 -
2022/06/02 15:06:06 info A대학 강의실 전송완료 -
2022/06/02 15:06:08 info A대학 강의실 생성완료 -
2022/06/02 15:06:08 info A대학 교수 전송완료 -
2022/06/02 15:06:08 info A대학 강의실 생성완료 -
2022/06/02 15:06:09 info A대학 교수 생성완료 -
2022/06/02 15:06:09 info A대학 교수 생성완료 -
2022/06/02 15:06:09 info A대학 과목 전송완료 -
2022/06/02 15:06:09 info A대학 학과 생성완료 -
2022/06/02 15:06:09 info A대학 학과 생성완료 -
2022/06/02 15:06:09 info A대학 학생 전송완료 -
2022/06/02 15:06:10 info A대학 학생 생성완료 -
2022/06/02 15:06:10 info A대학 수강 전송완료 -
2022/06/02 15:06:11 info B대학 학생 전송완료 -
2022/06/02 15:06:11 info A대학 교과목 생성완료 -
2022/06/02 15:06:11 info A대학 교과목 생성완료 -
2022/06/02 15:06:11 info B대학 수강 전송완료 -
2022/06/02 15:06:11 info B대학 학과 생성완료 -
2022/06/02 15:06:12 info B대학 학생 생성완료 -
2022/06/02 15:06:12 info B대학 강의실 생성완료 -
2022/06/02 15:06:12 info B대학 교수 생성완료 -
2022/06/02 15:06:12 info B대학 강의실 생성완료 -
2022/06/02 15:06:12 info B대학 교수 생성완료 -
2022/06/02 15:06:12 info B대학 강의실 생성완료 -
2022/06/02 15:06:12 info B대학 교수 생성완료 -
2022/06/02 15:06:13 info B대학 강의실 생성완료 -
2022/06/02 15:06:13 info B대학 교수 생성완료 -
2022/06/02 15:06:03 info A대학 강의실 전송완료 -
2022/06/02 15:06:04 info A대학 강의실 생성완료 -
2022/06/02 15:06:05 info A대학 교수 전송완료 -
2022/06/02 15:06:05 info A대학 강의실 생성완료 -
2022/06/02 15:06:05 info A대학 교수 생성완료 -
2022/06/02 15:06:05 info A대학 교수 생성완료 -
2022/06/02 15:06:05 info A대학 과목 전송완료 -
2022/06/02 15:06:06 info A대학 학과 생성완료 -
2022/06/02 15:06:06 info A대학 학과 생성완료 -
2022/06/02 15:06:06 info A대학 학생 전송완료 -
2022/06/02 15:06:06 info A대학 학생 생성완료 -
2022/06/02 15:06:07 info A대학 수강 전송완료 -
2022/06/02 15:06:07 info B대학 학생 전송완료 -
2022/06/02 15:06:08 info B대학 수강 전송완료 -
2022/06/02 15:06:08 info B대학 학과 생성완료 -
2022/06/02 15:06:08 info B대학 학생 생성완료 -
2022/06/02 15:06:08 info A대학 교과목 생성완료 -
2022/06/02 15:06:08 info B대학 강의실 생성완료 -
2022/06/02 15:06:08 info B대학 교수 생성완료 -
2022/06/02 15:06:09 info B대학 강의실 생성완료 -
2022/06/02 15:06:09 info B대학 교수 생성완료 -
2022/06/02 15:06:09 info B대학 강의실 생성완료 -
2022/06/02 15:06:09 info B대학 교수 생성완료 -
2022/06/02 15:06:09 info B대학 강의실 생성완료 -
2022/06/02 15:06:09 info B대학 교수 생성완료 -
2022/06/02 15:06:09 info A대학 교과목 생성완료 -
2022/06/02 15:06:06 info A대학 강의실 전송완료 -
2022/06/02 15:06:07 info A대학 강의실 생성완료 -
2022/06/02 15:06:07 info A대학 교수 전송완료 -
2022/06/02 15:06:07 info A대학 강의실 생성완료 -
2022/06/02 15:06:08 info A대학 교수 생성완료 -
2022/06/02 15:06:08 info A대학 교수 생성완료 -
2022/06/02 15:06:08 info A대학 과목 전송완료 -
2022/06/02 15:06:08 info A대학 학과 생성완료 -
2022/06/02 15:06:08 info A대학 학과 생성완료 -
2022/06/02 15:06:08 info A대학 학생 전송완료 -
2022/06/02 15:06:09 info A대학 학생 생성완료 -
2022/06/02 15:06:09 info A대학 수강 전송완료 -
2022/06/02 15:06:10 info B대학 학생 전송완료 -
2022/06/02 15:06:10 info B대학 수강 전송완료 -
2022/06/02 15:06:10 info B대학 학과 생성완료 -
2022/06/02 15:06:11 info B대학 학생 생성완료 -
2022/06/02 15:06:11 info A대학 교과목 생성완료 -
2022/06/02 15:06:11 info B대학 강의실 생성완료 -
2022/06/02 15:06:11 info B대학 교수 생성완료 -
2022/06/02 15:06:11 info B대학 강의실 생성완료 -
2022/06/02 15:06:11 info B대학 교수 생성완료 -
2022/06/02 15:06:06 info A대학 강의실 전송완료 -
2022/06/02 15:06:08 info A대학 강의실 생성완료 -
2022/06/02 15:06:08 info A대학 교수 전송완료 -
2022/06/02 15:06:08 info A대학 강의실 생성완료 -
2022/06/02 15:06:09 info A대학 교수 생성완료 -
2022/06/02 15:06:09 info A대학 교수 생성완료 -
2022/06/02 15:06:09 info A대학 과목 전송완료 -
2022/06/02 15:06:09 info A대학 학과 생성완료 -
2022/06/02 15:06:09 info A대학 학과 생성완료 -
2022/06/02 15:06:09 info A대학 학생 전송완료 -
2022/06/02 15:06:10 info A대학 학생 생성완료 -
2022/06/02 15:06:10 info A대학 수강 전송완료 -
2022/06/02 15:06:11 info B대학 학생 전송완료 -
2022/06/02 15:06:11 info B대학 수강 전송완료 -
2022/06/02 15:06:11 info B대학 학과 생성완료 -
2022/06/02 15:06:12 info B대학 학생 생성완료 -
2022/06/02 15:06:12 info A대학 교과목 생성완료 -
2022/06/02 15:06:12 info B대학 강의실 생성완료 -
2022/06/02 15:06:12 info B대학 교수 생성완료 -
2022/06/02 15:06:12 info B대학 강의실 생성완료 -
2022/06/02 15:06:12 info B대학 교수 생성완료 -
2022/06/02 16:06:04 info A대학 강의실 전송완료 -
2022/06/02 16:06:06 info A대학 강의실 생성완료 -
2022/06/02 16:06:06 info A대학 강의실 생성완료 -
2022/06/02 16:06:06 info A대학 교수 전송완료 -
2022/06/02 16:06:07 info A대학 교수 생성완료 -
2022/06/02 16:06:07 info A대학 교수 생성완료 -
2022/06/02 16:06:07 info A대학 과목 전송완료 -
2022/06/02 16:06:07 info A대학 학과 생성완료 -
2022/06/02 16:06:08 info A대학 학과 생성완료 -
2022/06/02 16:06:08 info A대학 학생 전송완료 -
2022/06/02 16:06:08 info A대학 학생 생성완료 -
2022/06/02 16:06:08 info A대학 수강 전송완료 -
2022/06/02 16:06:09 info B대학 학생 전송완료 -
2022/06/02 16:06:10 info B대학 수강 전송완료 -
2022/06/02 16:06:10 info B대학 학과 생성완료 -
2022/06/02 16:06:10 info B대학 학생 생성완료 -
2022/06/02 16:06:10 info B대학 강의실 생성완료 -
2022/06/02 16:06:10 info B대학 교수 생성완료 -
2022/06/02 16:06:10 info B대학 강의실 생성완료 -
2022/06/02 16:06:10 info B대학 교수 생성완료 -
2022/06/02 16:06:02 info A대학 강의실 전송완료 -
2022/06/02 16:06:04 info A대학 강의실 생성완료 -
2022/06/02 16:06:04 info A대학 강의실 생성완료 -
2022/06/02 16:06:04 info A대학 교수 전송완료 -
2022/06/02 16:06:05 info A대학 교수 생성완료 -
2022/06/02 16:06:05 info A대학 교수 생성완료 -
2022/06/02 16:06:05 info A대학 과목 전송완료 -
2022/06/02 16:06:05 info A대학 학과 생성완료 -
2022/06/02 16:06:05 info A대학 학과 생성완료 -
2022/06/02 16:06:05 info A대학 학생 전송완료 -
2022/06/02 16:06:06 info A대학 학생 생성완료 -
2022/06/02 16:06:06 info A대학 수강 전송완료 -
2022/06/02 16:06:07 info B대학 학생 전송완료 -
2022/06/02 16:06:07 info B대학 수강 전송완료 -
2022/06/02 16:06:08 info B대학 학과 생성완료 -
2022/06/02 16:06:08 info B대학 학생 생성완료 -
2022/06/02 16:06:08 info B대학 강의실 생성완료 -
2022/06/02 16:06:08 info B대학 강의실 생성완료 -
2022/06/02 16:06:08 info B대학 강의실 생성완료 -
2022/06/02 16:06:08 info B대학 강의실 생성완료 -
2022/06/02 16:06:08 info A대학 교과목 생성완료 -
2022/06/02 16:06:08 info A대학 교과목 생성완료 -
2022/06/02 16:06:08 info B대학 교수 생성완료 -
2022/06/02 16:06:08 info B대학 교수 생성완료 -
2022/06/02 16:06:08 info B대학 교수 생성완료 -
2022/06/02 16:06:08 info B대학 교수 생성완료 -
2022/06/02 16:06:02 info A대학 강의실 전송완료 -
2022/06/02 16:06:03 info A대학 강의실 생성완료 -
2022/06/02 16:06:04 info A대학 강의실 생성완료 -
2022/06/02 16:06:04 info A대학 교수 전송완료 -
2022/06/02 16:06:04 info A대학 교수 생성완료 -
2022/06/02 16:06:04 info A대학 교수 생성완료 -
2022/06/02 16:06:04 info A대학 과목 전송완료 -
2022/06/02 16:06:05 info A대학 학과 생성완료 -
2022/06/02 16:06:05 info A대학 학과 생성완료 -
2022/06/02 16:06:05 info A대학 학생 전송완료 -
2022/06/02 16:06:05 info A대학 학생 생성완료 -
2022/06/02 16:06:05 info A대학 수강 전송완료 -
2022/06/02 16:06:06 info B대학 학생 전송완료 -
2022/06/02 16:06:07 info B대학 수강 전송완료 -
2022/06/02 16:06:07 info B대학 학과 생성완료 -
2022/06/02 16:06:07 info B대학 학생 생성완료 -
2022/06/02 16:06:07 info A대학 교과목 생성완료 -
2022/06/02 16:06:07 info B대학 강의실 생성완료 -
2022/06/02 16:06:07 info B대학 강의실 생성완료 -
2022/06/02 16:06:07 info B대학 강의실 생성완료 -
2022/06/02 16:06:07 info B대학 강의실 생성완료 -
2022/06/02 16:06:08 info A대학 교과목 생성완료 -
2022/06/02 16:06:08 info B대학 교수 생성완료 -
2022/06/02 16:06:08 info B대학 교수 생성완료 -
2022/06/02 16:06:08 info B대학 교수 생성완료 -
2022/06/02 16:06:08 info B대학 교수 생성완료 -
2022/06/02 16:06:03 info A대학 강의실 전송완료 -
2022/06/02 16:06:04 info A대학 강의실 생성완료 -
2022/06/02 16:06:04 info A대학 강의실 생성완료 -
2022/06/02 16:06:04 info A대학 교수 전송완료 -
2022/06/02 16:06:05 info A대학 교수 생성완료 -
2022/06/02 16:06:05 info A대학 교수 생성완료 -
2022/06/02 16:06:05 info A대학 과목 전송완료 -
2022/06/02 16:06:05 info A대학 학과 생성완료 -
2022/06/02 16:06:06 info A대학 학과 생성완료 -
2022/06/02 16:06:06 info A대학 학생 전송완료 -
2022/06/02 16:06:06 info A대학 학생 생성완료 -
2022/06/02 16:06:06 info A대학 수강 전송완료 -
2022/06/02 16:06:07 info B대학 학생 전송완료 -
2022/06/02 16:06:08 info B대학 수강 전송완료 -
2022/06/02 16:06:08 info B대학 학과 생성완료 -
2022/06/02 16:06:08 info B대학 학생 생성완료 -
2022/06/02 16:06:08 info B대학 강의실 생성완료 -
2022/06/02 16:06:08 info B대학 강의실 생성완료 -
2022/06/02 16:06:08 info B대학 강의실 생성완료 -
2022/06/02 16:06:08 info B대학 강의실 생성완료 -
2022/06/02 16:06:08 info A대학 교과목 생성완료 -
2022/06/02 16:06:09 info A대학 교과목 생성완료 -
2022/06/02 16:06:09 info B대학 교수 생성완료 -
2022/06/02 16:06:09 info B대학 교수 생성완료 -
2022/06/02 16:06:09 info B대학 교수 생성완료 -
2022/06/02 16:06:09 info B대학 교수 생성완료 -
2022/06/02 16:06:09 info B대학 과목 생성완료 -
2022/06/02 16:06:09 info B대학 과목 생성완료 -
2022/06/02 16:06:09 info B대학 과목 생성완료 -
2022/06/02 16:06:10 info B대학 과목 생성완료 -
2022/06/02 16:06:10 info B대학 수강 생성완료 -
2022/06/02 16:06:10 info B대학 수강 생성완료 -
2022/06/02 16:06:10 info B대학 수강 생성완료 -
2022/06/02 16:06:10 info B대학 수강 생성완료 -
2022/06/02 16:06:06 info A대학 강의실 전송완료 -
2022/06/02 16:06:07 info A대학 강의실 생성완료 -
2022/06/02 16:06:07 info A대학 교수 전송완료 -
2022/06/02 16:06:07 info A대학 강의실 생성완료 -
2022/06/02 16:06:08 info A대학 교수 생성완료 -
2022/06/02 16:06:08 info A대학 교수 생성완료 -
2022/06/02 16:06:08 info A대학 과목 전송완료 -
2022/06/02 16:06:09 info A대학 학과 생성완료 -
2022/06/02 16:06:09 info A대학 학과 생성완료 -
2022/06/02 16:06:09 info A대학 학생 전송완료 -
2022/06/02 16:06:09 info A대학 학생 생성완료 -
2022/06/02 16:06:09 info A대학 수강 전송완료 -
2022/06/02 16:06:10 info B대학 학생 전송완료 -
2022/06/02 16:06:10 info B대학 수강 전송완료 -
2022/06/02 16:06:11 info B대학 학과 생성완료 -
2022/06/02 16:06:11 info B대학 학생 생성완료 -
2022/06/02 16:06:11 info B대학 강의실 생성완료 -
2022/06/02 16:06:11 info B대학 강의실 생성완료 -
2022/06/02 16:06:11 info B대학 강의실 생성완료 -
2022/06/02 16:06:11 info B대학 강의실 생성완료 -
2022/06/02 16:06:11 info A대학 교과목 생성완료 -
2022/06/02 16:06:12 info A대학 교과목 생성완료 -
2022/06/02 16:06:12 info B대학 교수 생성완료 -
2022/06/02 16:06:12 info B대학 교수 생성완료 -
2022/06/02 16:06:12 info B대학 교수 생성완료 -
2022/06/02 16:06:12 info B대학 교수 생성완료 -
2022/06/02 16:06:12 info C대학 학과 전송완료 -
2022/06/02 16:06:05 info A대학 강의실 전송완료 -
2022/06/02 16:06:06 info A대학 강의실 생성완료 -
2022/06/02 16:06:07 info A대학 교수 전송완료 -
2022/06/02 16:06:07 info A대학 강의실 생성완료 -
2022/06/02 16:06:07 info A대학 교수 생성완료 -
2022/06/02 16:06:07 info A대학 교수 생성완료 -
2022/06/02 16:06:07 info A대학 과목 전송완료 -
2022/06/02 16:06:08 info A대학 학과 생성완료 -
2022/06/02 16:06:08 info A대학 학과 생성완료 -
2022/06/02 16:06:08 info A대학 학생 전송완료 -
2022/06/02 16:06:08 info A대학 학생 생성완료 -
2022/06/02 16:06:08 info A대학 수강 전송완료 -
2022/06/02 16:06:09 info B대학 학생 전송완료 -
2022/06/02 16:06:10 info B대학 수강 전송완료 -
2022/06/02 16:06:10 info B대학 학과 생성완료 -
2022/06/02 16:06:10 info B대학 학생 생성완료 -
2022/06/02 16:06:10 info C대학 학과 전송완료 -
2022/06/02 16:06:10 info B대학 강의실 생성완료 -
2022/06/02 16:06:11 info B대학 강의실 생성완료 -
2022/06/02 16:06:11 info B대학 강의실 생성완료 -
2022/06/02 16:06:11 info B대학 강의실 생성완료 -
2022/06/02 16:06:11 info A대학 교과목 생성완료 -
2022/06/02 16:06:11 info A대학 교과목 생성완료 -
2022/06/02 16:06:11 info C대학 학생 전송완료 -
2022/06/02 16:06:11 info B대학 교수 생성완료 -
2022/06/02 16:06:11 info C대학 학과 생성완료 -
2022/06/02 16:06:11 info B대학 교수 생성완료 -
2022/06/02 16:06:11 info B대학 교수 생성완료 -
2022/06/02 16:06:12 info B대학 교수 생성완료 -
2022/06/02 16:06:12 info B대학 과목 생성완료 -
2022/06/02 16:06:12 info B대학 과목 생성완료 -
2022/06/02 16:06:12 info B대학 과목 생성완료 -
2022/06/02 16:06:12 info B대학 과목 생성완료 -
2022/06/02 16:06:12 info B대학 수강 생성완료 -
2022/06/02 16:06:12 info B대학 수강 생성완료 -
2022/06/02 16:06:12 info B대학 수강 생성완료 -
2022/06/02 16:06:13 info B대학 수강 생성완료 -
2022/06/02 16:06:06 info A대학 강의실 전송완료 -
2022/06/02 16:06:08 info A대학 강의실 생성완료 -
2022/06/02 16:06:08 info A대학 교수 전송완료 -
2022/06/02 16:06:08 info A대학 강의실 생성완료 -
2022/06/02 16:06:08 info A대학 교수 생성완료 -
2022/06/02 16:06:08 info A대학 교수 생성완료 -
2022/06/02 16:06:08 info A대학 과목 전송완료 -
2022/06/02 16:06:09 info A대학 학과 생성완료 -
2022/06/02 16:06:09 info A대학 학과 생성완료 -
2022/06/02 16:06:09 info A대학 학생 전송완료 -
2022/06/02 16:06:09 info A대학 학생 생성완료 -
2022/06/02 16:06:10 info A대학 수강 전송완료 -
2022/06/02 16:06:10 info B대학 학생 전송완료 -
2022/06/02 16:06:11 info B대학 수강 전송완료 -
2022/06/02 16:06:11 info B대학 학과 생성완료 -
2022/06/02 16:06:11 info B대학 학생 생성완료 -
2022/06/02 16:06:11 info C대학 학과 전송완료 -
2022/06/02 16:06:11 info B대학 강의실 생성완료 -
2022/06/02 16:06:12 info B대학 강의실 생성완료 -
2022/06/02 16:06:12 info B대학 강의실 생성완료 -
2022/06/02 16:06:12 info B대학 강의실 생성완료 -
2022/06/02 16:06:12 info C대학 학생 전송완료 -
2022/06/02 16:06:12 info A대학 교과목 생성완료 -
2022/06/02 16:06:12 info A대학 교과목 생성완료 -
2022/06/02 16:06:12 info B대학 교수 생성완료 -
2022/06/02 16:06:12 info C대학 학과 생성완료 -
2022/06/02 16:06:13 info B대학 교수 생성완료 -
2022/06/02 16:06:13 info B대학 교수 생성완료 -
2022/06/02 16:06:13 info B대학 교수 생성완료 -
2022/06/02 16:06:13 info B대학 과목 생성완료 -
2022/06/02 16:06:13 info B대학 과목 생성완료 -
2022/06/02 16:06:13 info B대학 과목 생성완료 -
2022/06/02 16:06:13 info B대학 과목 생성완료 -
2022/06/02 16:06:13 info B대학 수강 생성완료 -
2022/06/02 16:06:14 info B대학 수강 생성완료 -
2022/06/02 16:06:14 info B대학 수강 생성완료 -
2022/06/02 16:06:14 info B대학 수강 생성완료 -
2022/06/02 16:06:04 info A대학 강의실 전송완료 -
2022/06/02 16:06:06 info A대학 강의실 생성완료 -
2022/06/02 16:06:06 info A대학 교수 전송완료 -
2022/06/02 16:06:06 info A대학 강의실 생성완료 -
2022/06/02 16:06:07 info A대학 교수 생성완료 -
2022/06/02 16:06:07 info A대학 교수 생성완료 -
2022/06/02 16:06:07 info A대학 과목 전송완료 -
2022/06/02 16:06:07 info A대학 학과 생성완료 -
2022/06/02 16:06:07 info A대학 학과 생성완료 -
2022/06/02 16:06:07 info A대학 학생 전송완료 -
2022/06/02 16:06:08 info A대학 학생 생성완료 -
2022/06/02 16:06:08 info A대학 수강 전송완료 -
2022/06/02 16:06:09 info B대학 학생 전송완료 -
2022/06/02 16:06:09 info B대학 수강 전송완료 -
2022/06/02 16:06:10 info B대학 학과 생성완료 -
2022/06/02 16:06:10 info C대학 학과 전송완료 -
2022/06/02 16:06:10 info B대학 학생 생성완료 -
2022/06/02 16:06:10 info B대학 강의실 생성완료 -
2022/06/02 16:06:10 info B대학 강의실 생성완료 -
2022/06/02 16:06:10 info B대학 강의실 생성완료 -
2022/06/02 16:06:10 info C대학 학생 전송완료 -
2022/06/02 16:06:10 info B대학 강의실 생성완료 -
2022/06/02 16:06:11 info A대학 교과목 생성완료 -
2022/06/02 16:06:11 info C대학 학과 생성완료 -
2022/06/02 16:06:11 info B대학 교수 생성완료 -
2022/06/02 16:06:11 info B대학 교수 생성완료 -
2022/06/02 16:06:11 info B대학 교수 생성완료 -
2022/06/02 16:06:11 info B대학 교수 생성완료 -
2022/06/02 16:06:11 info A대학 교과목 생성완료 -
2022/06/02 16:06:11 info B대학 과목 생성완료 -
2022/06/02 16:06:12 info B대학 과목 생성완료 -
2022/06/02 16:06:12 info B대학 과목 생성완료 -
2022/06/02 16:06:12 info B대학 과목 생성완료 -
2022/06/02 16:06:12 info B대학 수강 생성완료 -
2022/06/02 16:06:12 info B대학 수강 생성완료 -
2022/06/02 16:06:12 info B대학 수강 생성완료 -
2022/06/02 16:06:12 info B대학 수강 생성완료 -
2022/06/02 16:06:05 info A대학 강의실 전송완료 -
2022/06/02 16:06:07 info A대학 강의실 생성완료 -
2022/06/02 16:06:07 info A대학 교수 전송완료 -
2022/06/02 16:06:07 info A대학 강의실 생성완료 -
2022/06/02 16:06:08 info A대학 교수 생성완료 -
2022/06/02 16:06:08 info A대학 교수 생성완료 -
2022/06/02 16:06:08 info A대학 과목 전송완료 -
2022/06/02 16:06:08 info A대학 학과 생성완료 -
2022/06/02 16:06:08 info A대학 학과 생성완료 -
2022/06/02 16:06:08 info A대학 학생 전송완료 -
2022/06/02 16:06:09 info A대학 학생 생성완료 -
2022/06/02 16:06:09 info A대학 수강 전송완료 -
2022/06/02 16:06:10 info B대학 학생 전송완료 -
2022/06/02 16:06:10 info B대학 수강 전송완료 -
2022/06/02 16:06:10 info B대학 학과 생성완료 -
2022/06/02 16:06:11 info B대학 학생 생성완료 -
2022/06/02 16:06:11 info C대학 학과 전송완료 -
2022/06/02 16:06:11 info B대학 강의실 생성완료 -
2022/06/02 16:06:11 info B대학 강의실 생성완료 -
2022/06/02 16:06:11 info B대학 강의실 생성완료 -
2022/06/02 16:06:11 info B대학 강의실 생성완료 -
2022/06/02 16:06:11 info C대학 학생 전송완료 -
2022/06/02 16:06:11 info A대학 교과목 생성완료 -
2022/06/02 16:06:12 info A대학 교과목 생성완료 -
2022/06/02 16:06:12 info B대학 교수 생성완료 -
2022/06/02 16:06:12 info C대학 학과 생성완료 -
2022/06/02 16:06:12 info B대학 교수 생성완료 -
2022/06/02 16:06:12 info B대학 교수 생성완료 -
2022/06/02 16:06:12 info B대학 교수 생성완료 -
2022/06/02 16:06:12 info B대학 과목 생성완료 -
2022/06/02 16:06:13 info B대학 과목 생성완료 -
2022/06/02 16:06:13 info B대학 과목 생성완료 -
2022/06/02 16:06:13 info B대학 과목 생성완료 -
2022/06/02 16:06:13 info B대학 수강 생성완료 -
2022/06/02 16:06:13 info B대학 수강 생성완료 -
2022/06/02 16:06:13 info B대학 수강 생성완료 -
2022/06/02 16:06:13 info B대학 수강 생성완료 -
2022/06/02 16:06:03 info C대학 학과 전송완료 -
2022/06/02 16:06:04 error C대학 학과 생성시오류 ESD
2022/06/02 16:06:04 error C대학 학과 생성시오류 ESD
2022/06/02 16:06:05 info C대학 학생 전송완료 -
2022/06/02 16:06:06 info C대학 학과 전송완료 -
2022/06/02 16:06:08 error C대학 학과 생성시오류 ESD
2022/06/02 16:06:08 error C대학 학과 생성시오류 ESD
2022/06/02 16:06:08 info C대학 학생 전송완료 -
2022/06/02 16:06:08 error C대학 학과 생성시오류 ETD
2022/06/02 16:06:08 error C대학 학과 생성시오류 ETD
2022/06/02 16:06:03 info C대학 학과 전송완료 -
2022/06/02 16:06:04 error C대학 학과 생성시오류 ESD
2022/06/02 16:06:04 error C대학 학과 생성시오류 ESD
2022/06/02 16:06:05 info C대학 학생 전송완료 -
2022/06/02 16:06:05 error C대학 학과 생성시오류 ETD
2022/06/02 16:06:05 error C대학 학과 생성시오류 ETD
2022/06/02 17:06:05 info C대학 학과 전송완료 -
2022/06/02 17:06:07 error C대학 학과 생성시오류 ESD
2022/06/02 17:06:07 error C대학 학과 생성시오류 ESD
2022/06/02 17:06:07 info C대학 학생 전송완료 -
2022/06/02 17:06:03 info C대학 학과 전송완료 -
2022/06/02 17:06:05 error C대학 학과 생성시오류 ESD
2022/06/02 17:06:05 error C대학 학과 생성시오류 ESD
2022/06/02 17:06:05 info C대학 학생 전송완료 -
2022/06/02 17:06:03 info C대학 학과 전송완료 -
2022/06/02 17:06:05 error C대학 학과 생성시오류 ESD
2022/06/02 17:06:05 error C대학 학과 생성시오류 ESD
2022/06/02 17:06:05 info C대학 학생 전송완료 -
2022/06/02 17:06:05 error C대학 학과 생성시오류 ETD
2022/06/02 17:06:05 error C대학 학과 생성시오류 ETD
2022/06/02 17:06:06 info C대학 학생 생성완료 -
2022/06/02 17:06:06 info C대학 수강 전송완료 -
2022/06/02 17:06:06 info C대학 강의실 생성완료 -
2022/06/02 17:06:06 info C대학 강의실 생성완료 -
2022/06/02 17:06:06 info C대학 강의실 생성완료 -
2022/06/02 17:06:06 info C대학 강의실 생성완료 -
2022/06/02 17:06:07 info C대학 교수 생성완료 -
2022/06/02 17:06:07 info C대학 교수 생성완료 -
2022/06/02 17:06:07 info C대학 교수 생성완료 -
2022/06/02 17:06:07 info C대학 교수 생성완료 -
2022/06/02 17:06:02 info C대학 학과 전송완료 -
2022/06/02 17:06:04 info C대학 학과 생성완료 -
2022/06/02 17:06:04 info C대학 학생 전송완료 -
2022/06/02 17:06:04 error C대학 학과 생성시오류 ETD
2022/06/02 17:06:04 error C대학 학과 생성시오류 ETD
2022/06/02 17:06:04 info C대학 학생 생성완료 -
2022/06/02 17:06:05 info C대학 수강 전송완료 -
2022/06/02 17:06:05 info C대학 강의실 생성완료 -
2022/06/02 17:06:05 info C대학 강의실 생성완료 -
2022/06/02 17:06:05 info C대학 강의실 생성완료 -
2022/06/02 17:06:05 info C대학 강의실 생성완료 -
2022/06/02 17:06:05 info C대학 교수 생성완료 -
2022/06/02 17:06:05 info C대학 교수 생성완료 -
2022/06/02 17:06:06 info C대학 교수 생성완료 -
2022/06/02 17:06:06 info C대학 교수 생성완료 -
2022/06/02 17:06:06 info C대학 과목 생성완료 -
2022/06/02 17:06:06 info C대학 과목 생성완료 -
2022/06/02 17:06:06 info C대학 과목 생성완료 -
2022/06/02 17:06:06 info C대학 과목 생성완료 -
2022/06/02 17:06:02 info A대학 강의실 전송완료 -
2022/06/02 17:06:04 info A대학 강의실 생성완료 -
2022/06/02 17:06:04 info A대학 교수 전송완료 -
2022/06/02 17:06:04 info A대학 강의실 생성완료 -
2022/06/02 17:06:04 info A대학 교수 생성완료 -
2022/06/02 17:06:04 info A대학 교수 생성완료 -
2022/06/02 17:06:05 info A대학 과목 전송완료 -
2022/06/02 17:06:05 info A대학 학과 생성완료 -
2022/06/02 17:06:05 info A대학 학과 생성완료 -
2022/06/02 17:06:05 info A대학 학생 전송완료 -
2022/06/02 17:06:05 info A대학 학생 생성완료 -
2022/06/02 17:06:06 info A대학 수강 전송완료 -
2022/06/02 17:06:06 info B대학 학생 전송완료 -
2022/06/02 17:06:07 info B대학 수강 전송완료 -
2022/06/02 17:06:07 info B대학 학과 생성완료 -
2022/06/02 17:06:07 info B대학 학생 생성완료 -
2022/06/02 17:06:07 info C대학 학과 전송완료 -
2022/06/02 17:06:07 info B대학 강의실 생성완료 -
2022/06/02 17:06:08 info B대학 강의실 생성완료 -
2022/06/02 17:06:08 info B대학 강의실 생성완료 -
2022/06/02 17:06:08 info C대학 학생 전송완료 -
2022/06/02 17:06:08 info B대학 강의실 생성완료 -
2022/06/02 17:06:08 info A대학 교과목 생성완료 -
2022/06/02 17:06:08 error C대학 학과 생성시오류 ETD
2022/06/02 17:06:08 error C대학 학과 생성시오류 ETD
2022/06/02 17:06:08 info A대학 교과목 생성완료 -
2022/06/02 17:06:08 info B대학 교수 생성완료 -
2022/06/02 17:06:08 info C대학 학과 생성완료 -
2022/06/02 17:06:09 info C대학 수강 전송완료 -
2022/06/02 17:06:09 info B대학 교수 생성완료 -
2022/06/02 17:06:09 info B대학 교수 생성완료 -
2022/06/02 17:06:09 info B대학 교수 생성완료 -
2022/06/02 17:06:09 info C대학 학생 생성완료 -
2022/06/02 17:06:02 info A대학 강의실 전송완료 -
2022/06/02 17:06:03 info A대학 강의실 생성완료 -
2022/06/02 17:06:04 info A대학 강의실 생성완료 -
2022/06/02 17:06:04 info A대학 교수 전송완료 -
2022/06/02 17:06:04 info A대학 교수 생성완료 -
2022/06/02 17:06:04 info A대학 교수 생성완료 -
2022/06/02 17:06:04 info A대학 과목 전송완료 -
2022/06/02 17:06:05 info A대학 학과 생성완료 -
2022/06/02 17:06:05 info A대학 학과 생성완료 -
2022/06/02 17:06:05 info A대학 학생 전송완료 -
2022/06/02 17:06:05 info A대학 학생 생성완료 -
2022/06/02 17:06:05 info A대학 수강 전송완료 -
2022/06/02 17:06:06 info B대학 학생 전송완료 -
2022/06/02 17:06:06 info B대학 수강 전송완료 -
2022/06/02 17:06:07 info B대학 학과 생성완료 -
2022/06/02 17:06:07 info C대학 학과 전송완료 -
2022/06/02 17:06:07 info B대학 학생 생성완료 -
2022/06/02 17:06:07 info B대학 강의실 생성완료 -
2022/06/02 17:06:07 info C대학 학생 전송완료 -
2022/06/02 17:06:07 info B대학 강의실 생성완료 -
2022/06/02 17:06:08 error C대학 학과 생성시오류 ETD
2022/06/02 17:06:08 error C대학 학과 생성시오류 ETD
2022/06/02 17:06:08 info B대학 강의실 생성완료 -
2022/06/02 17:06:08 info B대학 강의실 생성완료 -
2022/06/02 17:06:08 info C대학 수강 전송완료 -
2022/06/02 17:06:08 info A대학 교과목 생성완료 -
2022/06/02 17:06:08 info C대학 학과 생성완료 -
2022/06/02 17:06:08 info A대학 교과목 생성완료 -
2022/06/02 17:06:08 info B대학 교수 생성완료 -
2022/06/02 17:06:08 info B대학 교수 생성완료 -
2022/06/02 17:06:08 info C대학 학생 생성완료 -
2022/06/02 17:06:08 info B대학 교수 생성완료 -
2022/06/02 17:06:09 info B대학 교수 생성완료 -
2022/06/02 17:06:09 info C대학 강의실 생성완료 -
2022/06/02 17:06:09 info C대학 강의실 생성완료 -
2022/06/02 17:06:09 info C대학 강의실 생성완료 -
2022/06/02 17:06:09 info C대학 강의실 생성완료 -
2022/06/02 17:06:09 info C대학 교수 생성완료 -
2022/06/02 17:06:09 info C대학 교수 생성완료 -
2022/06/02 17:06:09 info C대학 교수 생성완료 -
2022/06/02 17:06:09 info C대학 교수 생성완료 -
2022/06/02 17:06:10 info B대학 과목 생성완료 -
2022/06/02 17:06:10 info B대학 과목 생성완료 -
2022/06/02 17:06:10 info B대학 과목 생성완료 -
2022/06/02 17:06:10 info B대학 과목 생성완료 -
2022/06/02 17:06:10 info C대학 과목 생성완료 -
2022/06/02 17:06:10 info C대학 과목 생성완료 -
2022/06/02 17:06:10 info C대학 과목 생성완료 -
2022/06/02 17:06:10 info C대학 과목 생성완료 -
2022/06/02 17:06:10 info B대학 수강 생성완료 -
2022/06/02 17:06:10 info B대학 수강 생성완료 -
2022/06/02 17:06:10 info B대학 수강 생성완료 -
2022/06/02 17:06:10 info B대학 수강 생성완료 -
2022/06/02 17:06:02 info A대학 강의실 전송완료 -
2022/06/02 17:06:03 info A대학 강의실 생성완료 -
2022/06/02 17:06:04 info A대학 교수 전송완료 -
2022/06/02 17:06:04 info A대학 강의실 생성완료 -
2022/06/02 17:06:04 info A대학 교수 생성완료 -
2022/06/02 17:06:04 info A대학 교수 생성완료 -
2022/06/02 17:06:04 info A대학 과목 전송완료 -
2022/06/02 17:06:05 info A대학 학과 생성완료 -
2022/06/02 17:06:05 info A대학 학과 생성완료 -
2022/06/02 17:06:05 info A대학 학생 전송완료 -
2022/06/02 17:06:05 info A대학 학생 생성완료 -
2022/06/02 17:06:05 info A대학 수강 전송완료 -
2022/06/02 17:06:06 info B대학 학생 전송완료 -
2022/06/02 17:06:07 info B대학 수강 전송완료 -
2022/06/02 17:06:07 info C대학 학과 전송완료 -
2022/06/02 17:06:07 info B대학 학과 생성완료 -
2022/06/02 17:06:07 info B대학 학생 생성완료 -
2022/06/02 17:06:08 info C대학 학생 전송완료 -
2022/06/02 17:06:07 info B대학 강의실 생성완료 -
2022/06/02 17:06:08 info B대학 강의실 생성완료 -
2022/06/02 17:06:08 info B대학 강의실 생성완료 -
2022/06/02 17:06:08 info B대학 강의실 생성완료 -
2022/06/02 17:06:08 info A대학 교과목 생성완료 -
2022/06/02 17:06:08 info C대학 수강 전송완료 -
2022/06/02 17:06:08 info C대학 학과 생성완료 -
2022/06/02 17:06:09 info B대학 교수 생성완료 -
2022/06/02 17:06:09 info B대학 교수 생성완료 -
2022/06/02 17:06:09 info B대학 교수 생성완료 -
2022/06/02 17:06:09 info C대학 학생 생성완료 -
2022/06/02 17:06:09 info B대학 교수 생성완료 -
2022/06/02 17:06:09 info A대학 교과목 생성완료 -
2022/06/02 17:06:09 info C대학 강의실 생성완료 -
2022/06/02 17:06:09 info C대학 강의실 생성완료 -
2022/06/02 17:06:09 info C대학 강의실 생성완료 -
2022/06/02 17:06:09 info C대학 강의실 생성완료 -
2022/06/02 17:06:10 info C대학 교수 생성완료 -
2022/06/02 17:06:10 info C대학 교수 생성완료 -
2022/06/02 17:06:10 info C대학 교수 생성완료 -
2022/06/02 17:06:10 info C대학 교수 생성완료 -
2022/06/02 17:06:10 info B대학 과목 생성완료 -
2022/06/02 17:06:10 info B대학 과목 생성완료 -
2022/06/02 17:06:10 info B대학 과목 생성완료 -
2022/06/02 17:06:10 info B대학 과목 생성완료 -
2022/06/02 17:06:10 info C대학 과목 생성완료 -
2022/06/02 17:06:11 info C대학 과목 생성완료 -
2022/06/02 17:06:11 info C대학 과목 생성완료 -
2022/06/02 17:06:11 info C대학 과목 생성완료 -
2022/06/02 17:06:11 info B대학 수강 생성완료 -
2022/06/02 17:06:11 info B대학 수강 생성완료 -
2022/06/02 17:06:11 info B대학 수강 생성완료 -
2022/06/02 17:06:11 info B대학 수강 생성완료 -
2022/06/02 19:06:04 info A대학 강의실 전송완료 -
2022/06/02 19:06:06 info A대학 교수 전송완료 -
2022/06/02 19:06:07 info A대학 교수 생성완료 -
2022/06/02 19:06:07 info A대학 교수 생성완료 -
2022/06/02 19:06:08 info A대학 과목 전송완료 -
2022/06/02 19:06:08 info A대학 학과 생성완료 -
2022/06/02 19:06:08 info A대학 학과 생성완료 -
2022/06/02 19:06:08 info A대학 학생 전송완료 -
2022/06/02 19:06:09 info A대학 학생 생성완료 -
2022/06/02 19:06:09 info A대학 수강 전송완료 -
2022/06/02 19:06:10 info A대학 교과목 생성완료 -
2022/06/02 19:06:10 info A대학 교과목 생성완료 -
2022/06/02 19:06:10 info B대학 학생 전송완료 -
2022/06/02 19:06:11 info B대학 학과 생성완료 -
2022/06/02 19:06:11 info B대학 학생 생성완료 -
2022/06/02 19:06:12 info B대학 수강 전송완료 -
2022/06/02 19:06:12 info B대학 강의실 생성완료 -
2022/06/02 19:06:12 info B대학 강의실 생성완료 -
2022/06/02 19:06:12 info B대학 강의실 생성완료 -
2022/06/02 19:06:12 info B대학 강의실 생성완료 -
2022/06/02 19:06:12 info B대학 교수 생성완료 -
2022/06/02 19:06:12 info B대학 교수 생성완료 -
2022/06/02 19:06:12 info B대학 교수 생성완료 -
2022/06/02 19:06:13 info B대학 교수 생성완료 -
2022/06/02 19:06:13 info B대학 과목 생성완료 -
2022/06/02 19:06:13 info B대학 과목 생성완료 -
2022/06/02 19:06:13 info B대학 과목 생성완료 -
2022/06/02 19:06:13 info B대학 과목 생성완료 -
2022/06/02 19:06:13 info B대학 수강 생성완료 -
2022/06/02 19:06:13 info B대학 수강 생성완료 -
2022/06/02 19:06:13 info C대학 학과 전송완료 -
2022/06/02 19:06:13 info B대학 수강 생성완료 -
2022/06/02 19:06:13 info B대학 수강 생성완료 -
2022/06/02 19:06:14 info C대학 학과 생성완료 -
2022/06/02 19:06:14 info C대학 학생 전송완료 -
2022/06/02 19:06:15 info C대학 학생 생성완료 -
2022/06/02 19:06:15 info C대학 수강 전송완료 -
2022/06/02 19:06:15 info C대학 강의실 생성완료 -
2022/06/02 19:06:15 info C대학 강의실 생성완료 -
2022/06/02 19:06:15 info C대학 강의실 생성완료 -
2022/06/02 19:06:16 info C대학 강의실 생성완료 -
2022/06/02 19:06:16 info C대학 교수 생성완료 -
2022/06/02 19:06:16 info C대학 교수 생성완료 -
2022/06/02 19:06:16 info C대학 교수 생성완료 -
2022/06/02 19:06:16 info C대학 교수 생성완료 -
2022/06/02 19:06:16 info C대학 과목 생성완료 -
2022/06/02 19:06:16 info C대학 과목 생성완료 -
2022/06/02 19:06:16 info C대학 과목 생성완료 -
2022/06/02 19:06:16 info C대학 과목 생성완료 -
2022/06/02 19:06:04 info A대학 강의실 전송완료 -
2022/06/02 19:06:06 info A대학 교수 전송완료 -
2022/06/02 19:06:07 info A대학 교수 생성완료 -
2022/06/02 19:06:07 info A대학 교수 생성완료 -
2022/06/02 19:06:07 info A대학 과목 전송완료 -
2022/06/02 19:06:08 error A대학 학과 생성시오류 ESD
2022/06/02 19:06:08 error A대학 학과 생성시오류 ESD
2022/06/02 19:06:08 error A대학 학과 생성시오류 ESD
2022/06/02 19:06:08 error A대학 학과 생성시오류 ESD
2022/06/02 19:06:08 info A대학 학생 전송완료 -
2022/06/02 19:06:08 info A대학 학생 생성완료 -
2022/06/02 19:06:08 info A대학 수강 전송완료 -
2022/06/02 19:06:09 info B대학 학생 전송완료 -
2022/06/02 19:06:10 info B대학 수강 전송완료 -
2022/06/02 19:06:10 info B대학 학생 생성완료 -
2022/06/02 19:06:10 info A대학 교과목 생성완료 -
2022/06/02 19:06:10 info A대학 교과목 생성완료 -
2022/06/02 19:06:10 info C대학 학과 전송완료 -
2022/06/02 19:06:10 info B대학 강의실 생성완료 -
2022/06/02 19:06:10 info B대학 강의실 생성완료 -
2022/06/02 19:06:11 info B대학 강의실 생성완료 -
2022/06/02 19:06:11 info B대학 강의실 생성완료 -
2022/06/02 19:06:11 info C대학 학생 전송완료 -
2022/06/02 19:06:11 info B대학 교수 생성완료 -
2022/06/02 19:06:11 info B대학 교수 생성완료 -
2022/06/02 19:06:11 error C대학 학과 생성시오류 ESD
2022/06/02 19:06:11 error C대학 학과 생성시오류 ESD
2022/06/02 19:06:12 info B대학 교수 생성완료 -
2022/06/02 19:06:12 info B대학 교수 생성완료 -
2022/06/02 19:06:12 info C대학 수강 전송완료 -
2022/06/02 19:06:12 info C대학 학생 생성완료 -
2022/06/02 19:06:12 info C대학 강의실 생성완료 -
2022/06/02 19:06:12 info C대학 강의실 생성완료 -
2022/06/02 19:06:12 info C대학 강의실 생성완료 -
2022/06/02 19:06:12 info C대학 강의실 생성완료 -
2022/06/02 19:06:13 info C대학 교수 생성완료 -
2022/06/02 19:06:13 info C대학 교수 생성완료 -
2022/06/02 19:06:13 info C대학 교수 생성완료 -
2022/06/02 19:06:13 info C대학 교수 생성완료 -
2022/06/02 19:06:13 info B대학 과목 생성완료 -
2022/06/02 19:06:13 info B대학 과목 생성완료 -
2022/06/02 19:06:13 info B대학 과목 생성완료 -
2022/06/02 19:06:13 info B대학 과목 생성완료 -
2022/06/02 19:06:13 info B대학 수강 생성완료 -
2022/06/02 19:06:13 info B대학 수강 생성완료 -
2022/06/02 19:06:13 info B대학 수강 생성완료 -
2022/06/02 19:06:14 info B대학 수강 생성완료 -
2022/06/02 19:06:14 info C대학 과목 생성완료 -
2022/06/02 19:06:14 info C대학 과목 생성완료 -
2022/06/02 19:06:14 info C대학 과목 생성완료 -
2022/06/02 19:06:14 info C대학 과목 생성완료 -
2022/06/02 19:06:02 info A대학 강의실 전송완료 -
2022/06/02 19:06:04 info A대학 교수 전송완료 -
2022/06/02 19:06:05 info A대학 과목 전송완료 -
2022/06/02 19:06:05 info A대학 학생 전송완료 -
2022/06/02 19:06:06 info A대학 수강 전송완료 -
2022/06/02 19:06:07 info B대학 학생 전송완료 -
2022/06/02 19:06:07 info B대학 수강 전송완료 -
2022/06/02 19:06:07 info B대학 학과 생성완료 -
2022/06/02 19:06:08 info B대학 학생 생성완료 -
2022/06/02 19:06:08 info C대학 학과 전송완료 -
2022/06/02 19:06:08 info B대학 강의실 생성완료 -
2022/06/02 19:06:08 info B대학 강의실 생성완료 -
2022/06/02 19:06:08 info B대학 강의실 생성완료 -
2022/06/02 19:06:08 info C대학 학생 전송완료 -
2022/06/02 19:06:08 info B대학 강의실 생성완료 -
2022/06/02 19:06:09 info B대학 교수 생성완료 -
2022/06/02 19:06:09 info C대학 학과 생성완료 -
2022/06/02 19:06:09 info C대학 수강 전송완료 -
2022/06/02 19:06:09 info B대학 교수 생성완료 -
2022/06/02 19:06:09 info B대학 교수 생성완료 -
2022/06/02 19:06:09 info B대학 교수 생성완료 -
2022/06/02 19:06:10 info C대학 학생 생성완료 -
2022/06/02 19:06:10 info C대학 강의실 생성완료 -
2022/06/02 19:06:10 info C대학 강의실 생성완료 -
2022/06/02 19:06:10 info C대학 강의실 생성완료 -
2022/06/02 19:06:10 info C대학 강의실 생성완료 -
2022/06/02 19:06:10 info C대학 교수 생성완료 -
2022/06/02 19:06:10 info C대학 교수 생성완료 -
2022/06/02 19:06:10 info C대학 교수 생성완료 -
2022/06/02 19:06:10 info C대학 교수 생성완료 -
2022/06/02 19:06:10 info B대학 과목 생성완료 -
2022/06/02 19:06:11 info B대학 과목 생성완료 -
2022/06/02 19:06:11 info B대학 과목 생성완료 -
2022/06/02 19:06:11 info B대학 과목 생성완료 -
2022/06/02 19:06:11 info B대학 수강 생성완료 -
2022/06/02 19:06:11 info B대학 수강 생성완료 -
2022/06/02 19:06:11 info C대학 과목 생성완료 -
2022/06/02 19:06:11 info C대학 과목 생성완료 -
2022/06/02 19:06:11 info C대학 과목 생성완료 -
2022/06/02 19:06:11 info C대학 과목 생성완료 -
2022/06/02 19:06:11 info B대학 수강 생성완료 -
2022/06/02 19:06:11 info B대학 수강 생성완료 -
2022/06/02 19:06:10 info B대학 학생 전송완료 -
2022/06/02 19:06:10 info B대학 수강 전송완료 -
2022/06/02 19:06:10 info B대학 학생 생성완료 -
2022/06/02 19:06:11 info B대학 강의실 생성완료 -
2022/06/02 19:06:11 info C대학 학과 전송완료 -
2022/06/02 19:06:11 info B대학 강의실 생성완료 -
2022/06/02 19:06:11 info B대학 강의실 생성완료 -
2022/06/02 19:06:11 info B대학 강의실 생성완료 -
2022/06/02 19:06:12 info C대학 학생 전송완료 -
2022/06/02 19:06:12 info B대학 교수 생성완료 -
2022/06/02 19:06:12 info B대학 교수 생성완료 -
2022/06/02 19:06:12 error C대학 학과 생성시오류 ESD
2022/06/02 19:06:12 error C대학 학과 생성시오류 ESD
2022/06/02 19:06:12 info C대학 수강 전송완료 -
2022/06/02 19:06:12 info B대학 교수 생성완료 -
2022/06/02 19:06:12 info B대학 교수 생성완료 -
2022/06/02 19:06:13 info C대학 학생 생성완료 -
2022/06/02 19:06:13 info C대학 강의실 생성완료 -
2022/06/02 19:06:13 info C대학 강의실 생성완료 -
2022/06/02 19:06:13 info C대학 강의실 생성완료 -
2022/06/02 19:06:13 info C대학 강의실 생성완료 -
2022/06/02 19:06:13 info C대학 교수 생성완료 -
2022/06/02 19:06:14 info C대학 교수 생성완료 -
2022/06/02 19:06:14 info C대학 교수 생성완료 -
2022/06/02 19:06:14 info C대학 교수 생성완료 -
2022/06/02 19:06:14 info B대학 과목 생성완료 -
2022/06/02 19:06:14 info B대학 과목 생성완료 -
2022/06/02 19:06:14 info B대학 과목 생성완료 -
2022/06/02 19:06:14 info B대학 과목 생성완료 -
2022/06/02 19:06:14 info B대학 수강 생성완료 -
2022/06/02 19:06:14 info B대학 수강 생성완료 -
2022/06/02 19:06:14 info B대학 수강 생성완료 -
2022/06/02 19:06:14 info B대학 수강 생성완료 -
2022/06/02 19:06:15 info C대학 과목 생성완료 -
2022/06/02 19:06:15 info C대학 과목 생성완료 -
2022/06/02 19:06:15 info C대학 과목 생성완료 -
2022/06/02 19:06:15 info C대학 과목 생성완료 -
2022/06/02 19:06:07 info B대학 학생 전송완료 -
2022/06/02 19:06:07 info B대학 수강 전송완료 -
2022/06/02 19:06:07 info B대학 학생 생성완료 -
2022/06/02 19:06:08 info B대학 강의실 생성완료 -
2022/06/02 19:06:08 info C대학 학과 전송완료 -
2022/06/02 19:06:08 info B대학 강의실 생성완료 -
2022/06/02 19:06:08 info B대학 강의실 생성완료 -
2022/06/02 19:06:08 info B대학 강의실 생성완료 -
2022/06/02 19:06:08 info C대학 학생 전송완료 -
2022/06/02 19:06:09 info B대학 교수 생성완료 -
2022/06/02 19:06:09 info C대학 수강 전송완료 -
2022/06/02 19:06:09 info B대학 교수 생성완료 -
2022/06/02 19:06:09 error C대학 학과 생성시오류 ESD
2022/06/02 19:06:09 error C대학 학과 생성시오류 ESD
2022/06/02 19:06:09 info B대학 교수 생성완료 -
2022/06/02 19:06:09 info B대학 교수 생성완료 -
2022/06/02 19:06:10 info C대학 학생 생성완료 -
2022/06/02 19:06:10 info C대학 강의실 생성완료 -
2022/06/02 19:06:10 info C대학 강의실 생성완료 -
2022/06/02 19:06:10 info C대학 강의실 생성완료 -
2022/06/02 19:06:10 info C대학 강의실 생성완료 -
2022/06/02 19:06:10 info C대학 교수 생성완료 -
2022/06/02 19:06:10 info C대학 교수 생성완료 -
2022/06/02 19:06:10 info C대학 교수 생성완료 -
2022/06/02 19:06:10 info C대학 교수 생성완료 -
2022/06/02 19:06:11 info B대학 과목 생성완료 -
2022/06/02 19:06:11 info B대학 과목 생성완료 -
2022/06/02 19:06:11 info B대학 과목 생성완료 -
2022/06/02 19:06:11 info B대학 과목 생성완료 -
2022/06/02 19:06:11 info B대학 수강 생성완료 -
2022/06/02 19:06:11 info B대학 수강 생성완료 -
2022/06/02 19:06:11 info C대학 과목 생성완료 -
2022/06/02 19:06:11 info C대학 과목 생성완료 -
2022/06/02 19:06:11 info C대학 과목 생성완료 -
2022/06/02 19:06:12 info C대학 과목 생성완료 -
2022/06/02 19:06:12 info B대학 수강 생성완료 -
2022/06/02 19:06:12 info B대학 수강 생성완료 -
2022/06/02 19:06:08 info B대학 학생 전송완료 -
2022/06/02 19:06:09 info B대학 수강 전송완료 -
2022/06/02 19:06:09 info B대학 학과 생성완료 -
2022/06/02 19:06:09 info B대학 학생 생성완료 -
2022/06/02 19:06:10 info C대학 학과 전송완료 -
2022/06/02 19:06:10 info B대학 강의실 생성완료 -
2022/06/02 19:06:10 info B대학 강의실 생성완료 -
2022/06/02 19:06:10 info B대학 강의실 생성완료 -
2022/06/02 19:06:10 info C대학 학생 전송완료 -
2022/06/02 19:06:10 info B대학 강의실 생성완료 -
2022/06/02 19:06:11 info B대학 교수 생성완료 -
2022/06/02 19:06:11 info C대학 수강 전송완료 -
2022/06/02 19:06:11 info C대학 학과 생성완료 -
2022/06/02 19:06:11 info B대학 교수 생성완료 -
2022/06/02 19:06:11 info B대학 교수 생성완료 -
2022/06/02 19:06:11 info B대학 교수 생성완료 -
2022/06/02 19:06:11 info C대학 학생 생성완료 -
2022/06/02 19:06:12 info C대학 강의실 생성완료 -
2022/06/02 19:06:12 info C대학 강의실 생성완료 -
2022/06/02 19:06:12 info C대학 강의실 생성완료 -
2022/06/02 19:06:12 info C대학 강의실 생성완료 -
2022/06/02 19:06:12 info C대학 교수 생성완료 -
2022/06/02 19:06:12 info C대학 교수 생성완료 -
2022/06/02 19:06:12 info C대학 교수 생성완료 -
2022/06/02 19:06:12 info C대학 교수 생성완료 -
2022/06/02 19:06:12 info B대학 과목 생성완료 -
2022/06/02 19:06:13 info B대학 과목 생성완료 -
2022/06/02 19:06:13 info B대학 과목 생성완료 -
2022/06/02 19:06:13 info B대학 과목 생성완료 -
2022/06/02 19:06:13 info B대학 수강 생성완료 -
2022/06/02 19:06:13 info B대학 수강 생성완료 -
2022/06/02 19:06:13 info C대학 과목 생성완료 -
2022/06/02 19:06:13 info C대학 과목 생성완료 -
2022/06/02 19:06:13 info C대학 과목 생성완료 -
2022/06/02 19:06:14 info C대학 과목 생성완료 -
2022/06/02 19:06:14 info B대학 수강 생성완료 -
2022/06/02 19:06:14 info B대학 수강 생성완료 -
2022/06/02 21:06:13 info B대학 학생 전송완료 -
2022/06/02 21:06:14 info B대학 학과 생성완료 -
2022/06/02 21:06:14 info B대학 수강 전송완료 -
2022/06/02 21:06:14 info B대학 학생 생성완료 -
2022/06/02 21:06:14 info B대학 강의실 생성완료 -
2022/06/02 21:06:15 info B대학 강의실 생성완료 -
2022/06/02 21:06:15 info B대학 강의실 생성완료 -
2022/06/02 21:06:15 info B대학 강의실 생성완료 -
2022/06/02 21:06:15 info B대학 교수 생성완료 -
2022/06/02 21:06:15 info B대학 교수 생성완료 -
2022/06/02 21:06:15 info B대학 교수 생성완료 -
2022/06/02 21:06:15 info B대학 교수 생성완료 -
2022/06/02 21:06:15 info B대학 과목 생성완료 -
2022/06/02 21:06:15 info B대학 과목 생성완료 -
2022/06/02 21:06:15 info B대학 과목 생성완료 -
2022/06/02 21:06:16 info B대학 과목 생성완료 -
2022/06/02 21:06:16 info B대학 수강 생성완료 -
2022/06/02 21:06:16 info B대학 수강 생성완료 -
2022/06/02 21:06:16 info B대학 수강 생성완료 -
2022/06/02 21:06:16 info B대학 수강 생성완료 -
2022/06/02 21:06:16 info C대학 학과 전송완료 -
2022/06/02 21:06:16 info C대학 학과 생성완료 -
2022/06/02 21:06:17 info C대학 학생 전송완료 -
2022/06/02 21:06:17 info C대학 학생 생성완료 -
2022/06/02 21:06:17 info C대학 수강 전송완료 -
2022/06/02 21:06:18 info C대학 강의실 생성완료 -
2022/06/02 21:06:18 info C대학 강의실 생성완료 -
2022/06/02 21:06:18 info C대학 강의실 생성완료 -
2022/06/02 21:06:18 info C대학 강의실 생성완료 -
2022/06/02 21:06:18 info C대학 교수 생성완료 -
2022/06/02 21:06:18 info C대학 교수 생성완료 -
2022/06/02 21:06:18 info C대학 교수 생성완료 -
2022/06/02 21:06:18 info C대학 교수 생성완료 -
2022/06/02 21:06:19 info C대학 과목 생성완료 -
2022/06/02 21:06:19 info C대학 과목 생성완료 -
2022/06/02 21:06:19 info C대학 과목 생성완료 -
2022/06/02 21:06:19 info C대학 과목 생성완료 -
